mkdir -p build/devices
mkdir -p build/filesys
mkdir -p build/lib
mkdir -p build/lib/kernel
mkdir -p build/lib/user
mkdir -p build/tests/filesys/base
mkdir -p build/tests/filesys/extended
mkdir -p build/tests/userprog
mkdir -p build/threads
mkdir -p build/userprog
mkdir -p build/vm
cp ../Makefile.build build/Makefile
cd build && make check
make[1]: Entering directory `/home/kim/pintos/src/filesys/build'
gcc -m32 -E -nostdinc -I../.. -I../../lib -I../../lib/kernel -P ../../threads/kernel.lds.S > threads/kernel.lds.s
gcc -m32 -c ../../threads/init.c -o threads/init.o -g -msoft-float -O -fno-stack-protector -nostdinc -I../.. -I../../lib -I../../lib/kernel -Wall -W -Wstrict-prototypes -Wmissing-prototypes -Wsystem-headers -DUSERPROG -DFILESYS -DVM -MMD -MF threads/init.d
gcc -m32 -c ../../threads/thread.c -o threads/thread.o -g -msoft-float -O -fno-stack-protector -nostdinc -I../.. -I../../lib -I../../lib/kernel -Wall -W -Wstrict-prototypes -Wmissing-prototypes -Wsystem-headers -DUSERPROG -DFILESYS -DVM -MMD -MF threads/thread.d
gcc -m32 -c ../../threads/switch.S -o threads/switch.o -Wa,--gstabs -nostdinc -I../.. -I../../lib -I../../lib/kernel -DUSERPROG -DFILESYS -DVM -MMD -MF threads/switch.d
gcc -m32 -c ../../threads/interrupt.c -o threads/interrupt.o -g -msoft-float -O -fno-stack-protector -nostdinc -I../.. -I../../lib -I../../lib/kernel -Wall -W -Wstrict-prototypes -Wmissing-prototypes -Wsystem-headers -DUSERPROG -DFILESYS -DVM -MMD -MF threads/interrupt.d
gcc -m32 -c ../../threads/intr-stubs.S -o threads/intr-stubs.o -Wa,--gstabs -nostdinc -I../.. -I../../lib -I../../lib/kernel -DUSERPROG -DFILESYS -DVM -MMD -MF threads/intr-stubs.d
gcc -m32 -c ../../threads/synch.c -o threads/synch.o -g -msoft-float -O -fno-stack-protector -nostdinc -I../.. -I../../lib -I../../lib/kernel -Wall -W -Wstrict-prototypes -Wmissing-prototypes -Wsystem-headers -DUSERPROG -DFILESYS -DVM -MMD -MF threads/synch.d
gcc -m32 -c ../../threads/palloc.c -o threads/palloc.o -g -msoft-float -O -fno-stack-protector -nostdinc -I../.. -I../../lib -I../../lib/kernel -Wall -W -Wstrict-prototypes -Wmissing-prototypes -Wsystem-headers -DUSERPROG -DFILESYS -DVM -MMD -MF threads/palloc.d
gcc -m32 -c ../../threads/malloc.c -o threads/malloc.o -g -msoft-float -O -fno-stack-protector -nostdinc -I../.. -I../../lib -I../../lib/kernel -Wall -W -Wstrict-prototypes -Wmissing-prototypes -Wsystem-headers -DUSERPROG -DFILESYS -DVM -MMD -MF threads/malloc.d
gcc -m32 -c ../../threads/start.S -o threads/start.o -Wa,--gstabs -nostdinc -I../.. -I../../lib -I../../lib/kernel -DUSERPROG -DFILESYS -DVM -MMD -MF threads/start.d
gcc -m32 -c ../../devices/timer.c -o devices/timer.o -g -msoft-float -O -fno-stack-protector -nostdinc -I../.. -I../../lib -I../../lib/kernel -Wall -W -Wstrict-prototypes -Wmissing-prototypes -Wsystem-headers -DUSERPROG -DFILESYS -DVM -MMD -MF devices/timer.d
gcc -m32 -c ../../devices/kbd.c -o devices/kbd.o -g -msoft-float -O -fno-stack-protector -nostdinc -I../.. -I../../lib -I../../lib/kernel -Wall -W -Wstrict-prototypes -Wmissing-prototypes -Wsystem-headers -DUSERPROG -DFILESYS -DVM -MMD -MF devices/kbd.d
gcc -m32 -c ../../devices/vga.c -o devices/vga.o -g -msoft-float -O -fno-stack-protector -nostdinc -I../.. -I../../lib -I../../lib/kernel -Wall -W -Wstrict-prototypes -Wmissing-prototypes -Wsystem-headers -DUSERPROG -DFILESYS -DVM -MMD -MF devices/vga.d
gcc -m32 -c ../../devices/serial.c -o devices/serial.o -g -msoft-float -O -fno-stack-protector -nostdinc -I../.. -I../../lib -I../../lib/kernel -Wall -W -Wstrict-prototypes -Wmissing-prototypes -Wsystem-headers -DUSERPROG -DFILESYS -DVM -MMD -MF devices/serial.d
gcc -m32 -c ../../devices/disk.c -o devices/disk.o -g -msoft-float -O -fno-stack-protector -nostdinc -I../.. -I../../lib -I../../lib/kernel -Wall -W -Wstrict-prototypes -Wmissing-prototypes -Wsystem-headers -DUSERPROG -DFILESYS -DVM -MMD -MF devices/disk.d
gcc -m32 -c ../../devices/input.c -o devices/input.o -g -msoft-float -O -fno-stack-protector -nostdinc -I../.. -I../../lib -I../../lib/kernel -Wall -W -Wstrict-prototypes -Wmissing-prototypes -Wsystem-headers -DUSERPROG -DFILESYS -DVM -MMD -MF devices/input.d
gcc -m32 -c ../../devices/intq.c -o devices/intq.o -g -msoft-float -O -fno-stack-protector -nostdinc -I../.. -I../../lib -I../../lib/kernel -Wall -W -Wstrict-prototypes -Wmissing-prototypes -Wsystem-headers -DUSERPROG -DFILESYS -DVM -MMD -MF devices/intq.d
gcc -m32 -c ../../lib/debug.c -o lib/debug.o -g -msoft-float -O -fno-stack-protector -nostdinc -I../.. -I../../lib -I../../lib/kernel -Wall -W -Wstrict-prototypes -Wmissing-prototypes -Wsystem-headers -DUSERPROG -DFILESYS -DVM -MMD -MF lib/debug.d
gcc -m32 -c ../../lib/random.c -o lib/random.o -g -msoft-float -O -fno-stack-protector -nostdinc -I../.. -I../../lib -I../../lib/kernel -Wall -W -Wstrict-prototypes -Wmissing-prototypes -Wsystem-headers -DUSERPROG -DFILESYS -DVM -MMD -MF lib/random.d
gcc -m32 -c ../../lib/stdio.c -o lib/stdio.o -g -msoft-float -O -fno-stack-protector -nostdinc -I../.. -I../../lib -I../../lib/kernel -Wall -W -Wstrict-prototypes -Wmissing-prototypes -Wsystem-headers -DUSERPROG -DFILESYS -DVM -MMD -MF lib/stdio.d
gcc -m32 -c ../../lib/stdlib.c -o lib/stdlib.o -g -msoft-float -O -fno-stack-protector -nostdinc -I../.. -I../../lib -I../../lib/kernel -Wall -W -Wstrict-prototypes -Wmissing-prototypes -Wsystem-headers -DUSERPROG -DFILESYS -DVM -MMD -MF lib/stdlib.d
gcc -m32 -c ../../lib/string.c -o lib/string.o -g -msoft-float -O -fno-stack-protector -nostdinc -I../.. -I../../lib -I../../lib/kernel -Wall -W -Wstrict-prototypes -Wmissing-prototypes -Wsystem-headers -DUSERPROG -DFILESYS -DVM -MMD -MF lib/string.d
gcc -m32 -c ../../lib/arithmetic.c -o lib/arithmetic.o -g -msoft-float -O -fno-stack-protector -nostdinc -I../.. -I../../lib -I../../lib/kernel -Wall -W -Wstrict-prototypes -Wmissing-prototypes -Wsystem-headers -DUSERPROG -DFILESYS -DVM -MMD -MF lib/arithmetic.d
gcc -m32 -c ../../lib/kernel/debug.c -o lib/kernel/debug.o -g -msoft-float -O -fno-stack-protector -nostdinc -I../.. -I../../lib -I../../lib/kernel -Wall -W -Wstrict-prototypes -Wmissing-prototypes -Wsystem-headers -DUSERPROG -DFILESYS -DVM -MMD -MF lib/kernel/debug.d
gcc -m32 -c ../../lib/kernel/list.c -o lib/kernel/list.o -g -msoft-float -O -fno-stack-protector -nostdinc -I../.. -I../../lib -I../../lib/kernel -Wall -W -Wstrict-prototypes -Wmissing-prototypes -Wsystem-headers -DUSERPROG -DFILESYS -DVM -MMD -MF lib/kernel/list.d
gcc -m32 -c ../../lib/kernel/bitmap.c -o lib/kernel/bitmap.o -g -msoft-float -O -fno-stack-protector -nostdinc -I../.. -I../../lib -I../../lib/kernel -Wall -W -Wstrict-prototypes -Wmissing-prototypes -Wsystem-headers -DUSERPROG -DFILESYS -DVM -MMD -MF lib/kernel/bitmap.d
gcc -m32 -c ../../lib/kernel/hash.c -o lib/kernel/hash.o -g -msoft-float -O -fno-stack-protector -nostdinc -I../.. -I../../lib -I../../lib/kernel -Wall -W -Wstrict-prototypes -Wmissing-prototypes -Wsystem-headers -DUSERPROG -DFILESYS -DVM -MMD -MF lib/kernel/hash.d
gcc -m32 -c ../../lib/kernel/console.c -o lib/kernel/console.o -g -msoft-float -O -fno-stack-protector -nostdinc -I../.. -I../../lib -I../../lib/kernel -Wall -W -Wstrict-prototypes -Wmissing-prototypes -Wsystem-headers -DUSERPROG -DFILESYS -DVM -MMD -MF lib/kernel/console.d
gcc -m32 -c ../../userprog/process.c -o userprog/process.o -g -msoft-float -O -fno-stack-protector -nostdinc -I../.. -I../../lib -I../../lib/kernel -Wall -W -Wstrict-prototypes -Wmissing-prototypes -Wsystem-headers -DUSERPROG -DFILESYS -DVM -MMD -MF userprog/process.d
gcc -m32 -c ../../userprog/pagedir.c -o userprog/pagedir.o -g -msoft-float -O -fno-stack-protector -nostdinc -I../.. -I../../lib -I../../lib/kernel -Wall -W -Wstrict-prototypes -Wmissing-prototypes -Wsystem-headers -DUSERPROG -DFILESYS -DVM -MMD -MF userprog/pagedir.d
gcc -m32 -c ../../userprog/exception.c -o userprog/exception.o -g -msoft-float -O -fno-stack-protector -nostdinc -I../.. -I../../lib -I../../lib/kernel -Wall -W -Wstrict-prototypes -Wmissing-prototypes -Wsystem-headers -DUSERPROG -DFILESYS -DVM -MMD -MF userprog/exception.d
gcc -m32 -c ../../userprog/syscall.c -o userprog/syscall.o -g -msoft-float -O -fno-stack-protector -nostdinc -I../.. -I../../lib -I../../lib/kernel -Wall -W -Wstrict-prototypes -Wmissing-prototypes -Wsystem-headers -DUSERPROG -DFILESYS -DVM -MMD -MF userprog/syscall.d
gcc -m32 -c ../../userprog/gdt.c -o userprog/gdt.o -g -msoft-float -O -fno-stack-protector -nostdinc -I../.. -I../../lib -I../../lib/kernel -Wall -W -Wstrict-prototypes -Wmissing-prototypes -Wsystem-headers -DUSERPROG -DFILESYS -DVM -MMD -MF userprog/gdt.d
gcc -m32 -c ../../userprog/tss.c -o userprog/tss.o -g -msoft-float -O -fno-stack-protector -nostdinc -I../.. -I../../lib -I../../lib/kernel -Wall -W -Wstrict-prototypes -Wmissing-prototypes -Wsystem-headers -DUSERPROG -DFILESYS -DVM -MMD -MF userprog/tss.d
gcc -m32 -c ../../filesys/filesys.c -o filesys/filesys.o -g -msoft-float -O -fno-stack-protector -nostdinc -I../.. -I../../lib -I../../lib/kernel -Wall -W -Wstrict-prototypes -Wmissing-prototypes -Wsystem-headers -DUSERPROG -DFILESYS -DVM -MMD -MF filesys/filesys.d
gcc -m32 -c ../../filesys/free-map.c -o filesys/free-map.o -g -msoft-float -O -fno-stack-protector -nostdinc -I../.. -I../../lib -I../../lib/kernel -Wall -W -Wstrict-prototypes -Wmissing-prototypes -Wsystem-headers -DUSERPROG -DFILESYS -DVM -MMD -MF filesys/free-map.d
gcc -m32 -c ../../filesys/file.c -o filesys/file.o -g -msoft-float -O -fno-stack-protector -nostdinc -I../.. -I../../lib -I../../lib/kernel -Wall -W -Wstrict-prototypes -Wmissing-prototypes -Wsystem-headers -DUSERPROG -DFILESYS -DVM -MMD -MF filesys/file.d
gcc -m32 -c ../../filesys/directory.c -o filesys/directory.o -g -msoft-float -O -fno-stack-protector -nostdinc -I../.. -I../../lib -I../../lib/kernel -Wall -W -Wstrict-prototypes -Wmissing-prototypes -Wsystem-headers -DUSERPROG -DFILESYS -DVM -MMD -MF filesys/directory.d
gcc -m32 -c ../../filesys/inode.c -o filesys/inode.o -g -msoft-float -O -fno-stack-protector -nostdinc -I../.. -I../../lib -I../../lib/kernel -Wall -W -Wstrict-prototypes -Wmissing-prototypes -Wsystem-headers -DUSERPROG -DFILESYS -DVM -MMD -MF filesys/inode.d
gcc -m32 -c ../../filesys/fsutil.c -o filesys/fsutil.o -g -msoft-float -O -fno-stack-protector -nostdinc -I../.. -I../../lib -I../../lib/kernel -Wall -W -Wstrict-prototypes -Wmissing-prototypes -Wsystem-headers -DUSERPROG -DFILESYS -DVM -MMD -MF filesys/fsutil.d
gcc -m32 -c ../../vm/frame.c -o vm/frame.o -g -msoft-float -O -fno-stack-protector -nostdinc -I../.. -I../../lib -I../../lib/kernel -Wall -W -Wstrict-prototypes -Wmissing-prototypes -Wsystem-headers -DUSERPROG -DFILESYS -DVM -MMD -MF vm/frame.d
gcc -m32 -c ../../vm/page.c -o vm/page.o -g -msoft-float -O -fno-stack-protector -nostdinc -I../.. -I../../lib -I../../lib/kernel -Wall -W -Wstrict-prototypes -Wmissing-prototypes -Wsystem-headers -DUSERPROG -DFILESYS -DVM -MMD -MF vm/page.d
gcc -m32 -c ../../vm/swap.c -o vm/swap.o -g -msoft-float -O -fno-stack-protector -nostdinc -I../.. -I../../lib -I../../lib/kernel -Wall -W -Wstrict-prototypes -Wmissing-prototypes -Wsystem-headers -DUSERPROG -DFILESYS -DVM -MMD -MF vm/swap.d
ld -melf_i386 -T threads/kernel.lds.s -o kernel.o threads/init.o threads/thread.o threads/switch.o threads/interrupt.o threads/intr-stubs.o threads/synch.o threads/palloc.o threads/malloc.o threads/start.o devices/timer.o devices/kbd.o devices/vga.o devices/serial.o devices/disk.o devices/input.o devices/intq.o lib/debug.o lib/random.o lib/stdio.o lib/stdlib.o lib/string.o lib/arithmetic.o lib/kernel/debug.o lib/kernel/list.o lib/kernel/bitmap.o lib/kernel/hash.o lib/kernel/console.o userprog/process.o userprog/pagedir.o userprog/exception.o userprog/syscall.o userprog/gdt.o userprog/tss.o filesys/filesys.o filesys/free-map.o filesys/file.o filesys/directory.o filesys/inode.o filesys/fsutil.o vm/frame.o vm/page.o vm/swap.o
objcopy -O binary -R .note -R .comment -S kernel.o kernel.bin.tmp
dd if=kernel.bin.tmp of=kernel.bin bs=4096 conv=sync
rm kernel.bin.tmp
gcc -m32 -c ../../threads/loader.S -o threads/loader.o -Wa,--gstabs -nostdinc -I../.. -I../../lib -I../../lib/kernel -DUSERPROG -DFILESYS -DVM -DKERNEL_LOAD_PAGES=`perl -e 'print +(-s "kernel.bin") / 4096;'`
ld -melf_i386 -N -e start -Ttext 0x7c00 --oformat binary -o loader.bin threads/loader.o
cat loader.bin kernel.bin > os.dsk
gcc -m32 -c ../../tests/userprog/args.c -o tests/userprog/args.o -g -msoft-float -O -fno-stack-protector -nostdinc -I../.. -I../../lib -I../../lib/user -I. -Wall -W -Wstrict-prototypes -Wmissing-prototypes -Wsystem-headers  -MMD -MF tests/userprog/args.d
gcc -m32 -c ../../tests/lib.c -o tests/lib.o -g -msoft-float -O -fno-stack-protector -nostdinc -I../.. -I../../lib -I../../lib/user -I. -Wall -W -Wstrict-prototypes -Wmissing-prototypes -Wsystem-headers  -MMD -MF tests/lib.d
gcc -m32 -c ../../lib/user/entry.c -o lib/user/entry.o -g -msoft-float -O -fno-stack-protector -nostdinc -I../.. -I../../lib -I../../lib/user -I. -Wall -W -Wstrict-prototypes -Wmissing-prototypes -Wsystem-headers  -MMD -MF lib/user/entry.d
gcc -m32 -c ../../lib/user/debug.c -o lib/user/debug.o -g -msoft-float -O -fno-stack-protector -nostdinc -I../.. -I../../lib -I../../lib/user -I. -Wall -W -Wstrict-prototypes -Wmissing-prototypes -Wsystem-headers  -MMD -MF lib/user/debug.d
gcc -m32 -c ../../lib/user/syscall.c -o lib/user/syscall.o -g -msoft-float -O -fno-stack-protector -nostdinc -I../.. -I../../lib -I../../lib/user -I. -Wall -W -Wstrict-prototypes -Wmissing-prototypes -Wsystem-headers  -MMD -MF lib/user/syscall.d
gcc -m32 -c ../../lib/user/console.c -o lib/user/console.o -g -msoft-float -O -fno-stack-protector -nostdinc -I../.. -I../../lib -I../../lib/user -I. -Wall -W -Wstrict-prototypes -Wmissing-prototypes -Wsystem-headers  -MMD -MF lib/user/console.d
rm -f libc.a
ar r libc.a lib/debug.o lib/random.o lib/stdio.o lib/stdlib.o lib/string.o lib/arithmetic.o lib/user/debug.o lib/user/syscall.o lib/user/console.o
ranlib libc.a
gcc -m32 -nostdlib -static -Wl,-T,../../lib/user/user.lds -Wl,--build-id=none tests/userprog/args.o tests/lib.o lib/user/entry.o libc.a -o tests/userprog/args-none
pintos -v -k -T 60 --qemu  --fs-disk=2 -p tests/userprog/args-none -a args-none --swap-disk=4 -- -q   -f run args-none < /dev/null 2> tests/userprog/args-none.errors > tests/userprog/args-none.output
perl -I../.. ../../tests/userprog/args-none.ck tests/userprog/args-none tests/userprog/args-none.result
pass tests/userprog/args-none
gcc -m32 -nostdlib -static -Wl,-T,../../lib/user/user.lds -Wl,--build-id=none tests/userprog/args.o tests/lib.o lib/user/entry.o libc.a -o tests/userprog/args-single
pintos -v -k -T 60 --qemu  --fs-disk=2 -p tests/userprog/args-single -a args-single --swap-disk=4 -- -q   -f run 'args-single onearg' < /dev/null 2> tests/userprog/args-single.errors > tests/userprog/args-single.output
perl -I../.. ../../tests/userprog/args-single.ck tests/userprog/args-single tests/userprog/args-single.result
pass tests/userprog/args-single
gcc -m32 -nostdlib -static -Wl,-T,../../lib/user/user.lds -Wl,--build-id=none tests/userprog/args.o tests/lib.o lib/user/entry.o libc.a -o tests/userprog/args-multiple
pintos -v -k -T 60 --qemu  --fs-disk=2 -p tests/userprog/args-multiple -a args-multiple --swap-disk=4 -- -q   -f run 'args-multiple some arguments for you!' < /dev/null 2> tests/userprog/args-multiple.errors > tests/userprog/args-multiple.output
perl -I../.. ../../tests/userprog/args-multiple.ck tests/userprog/args-multiple tests/userprog/args-multiple.result
pass tests/userprog/args-multiple
gcc -m32 -nostdlib -static -Wl,-T,../../lib/user/user.lds -Wl,--build-id=none tests/userprog/args.o tests/lib.o lib/user/entry.o libc.a -o tests/userprog/args-many
pintos -v -k -T 60 --qemu  --fs-disk=2 -p tests/userprog/args-many -a args-many --swap-disk=4 -- -q   -f run 'args-many a b c d e f g h i j k l m n o p q r s t u v' < /dev/null 2> tests/userprog/args-many.errors > tests/userprog/args-many.output
perl -I../.. ../../tests/userprog/args-many.ck tests/userprog/args-many tests/userprog/args-many.result
pass tests/userprog/args-many
gcc -m32 -nostdlib -static -Wl,-T,../../lib/user/user.lds -Wl,--build-id=none tests/userprog/args.o tests/lib.o lib/user/entry.o libc.a -o tests/userprog/args-dbl-space
pintos -v -k -T 60 --qemu  --fs-disk=2 -p tests/userprog/args-dbl-space -a args-dbl-space --swap-disk=4 -- -q   -f run 'args-dbl-space two  spaces!' < /dev/null 2> tests/userprog/args-dbl-space.errors > tests/userprog/args-dbl-space.output
perl -I../.. ../../tests/userprog/args-dbl-space.ck tests/userprog/args-dbl-space tests/userprog/args-dbl-space.result
pass tests/userprog/args-dbl-space
gcc -m32 -c ../../tests/userprog/sc-bad-sp.c -o tests/userprog/sc-bad-sp.o -g -msoft-float -O -fno-stack-protector -nostdinc -I../.. -I../../lib -I../../lib/user -I. -Wall -W -Wstrict-prototypes -Wmissing-prototypes -Wsystem-headers  -MMD -MF tests/userprog/sc-bad-sp.d
gcc -m32 -c ../../tests/main.c -o tests/main.o -g -msoft-float -O -fno-stack-protector -nostdinc -I../.. -I../../lib -I../../lib/user -I. -Wall -W -Wstrict-prototypes -Wmissing-prototypes -Wsystem-headers  -MMD -MF tests/main.d
gcc -m32 -nostdlib -static -Wl,-T,../../lib/user/user.lds -Wl,--build-id=none tests/userprog/sc-bad-sp.o tests/main.o tests/lib.o lib/user/entry.o libc.a -o tests/userprog/sc-bad-sp
pintos -v -k -T 60 --qemu  --fs-disk=2 -p tests/userprog/sc-bad-sp -a sc-bad-sp --swap-disk=4 -- -q   -f run sc-bad-sp < /dev/null 2> tests/userprog/sc-bad-sp.errors > tests/userprog/sc-bad-sp.output
perl -I../.. ../../tests/userprog/sc-bad-sp.ck tests/userprog/sc-bad-sp tests/userprog/sc-bad-sp.result
pass tests/userprog/sc-bad-sp
gcc -m32 -c ../../tests/userprog/sc-bad-arg.c -o tests/userprog/sc-bad-arg.o -g -msoft-float -O -fno-stack-protector -nostdinc -I../.. -I../../lib -I../../lib/user -I. -Wall -W -Wstrict-prototypes -Wmissing-prototypes -Wsystem-headers  -MMD -MF tests/userprog/sc-bad-arg.d
gcc -m32 -nostdlib -static -Wl,-T,../../lib/user/user.lds -Wl,--build-id=none tests/userprog/sc-bad-arg.o tests/main.o tests/lib.o lib/user/entry.o libc.a -o tests/userprog/sc-bad-arg
pintos -v -k -T 60 --qemu  --fs-disk=2 -p tests/userprog/sc-bad-arg -a sc-bad-arg --swap-disk=4 -- -q   -f run sc-bad-arg < /dev/null 2> tests/userprog/sc-bad-arg.errors > tests/userprog/sc-bad-arg.output
perl -I../.. ../../tests/userprog/sc-bad-arg.ck tests/userprog/sc-bad-arg tests/userprog/sc-bad-arg.result
pass tests/userprog/sc-bad-arg
gcc -m32 -c ../../tests/userprog/sc-boundary.c -o tests/userprog/sc-boundary.o -g -msoft-float -O -fno-stack-protector -nostdinc -I../.. -I../../lib -I../../lib/user -I. -Wall -W -Wstrict-prototypes -Wmissing-prototypes -Wsystem-headers  -MMD -MF tests/userprog/sc-boundary.d
gcc -m32 -c ../../tests/userprog/boundary.c -o tests/userprog/boundary.o -g -msoft-float -O -fno-stack-protector -nostdinc -I../.. -I../../lib -I../../lib/user -I. -Wall -W -Wstrict-prototypes -Wmissing-prototypes -Wsystem-headers  -MMD -MF tests/userprog/boundary.d
gcc -m32 -nostdlib -static -Wl,-T,../../lib/user/user.lds -Wl,--build-id=none tests/userprog/sc-boundary.o tests/userprog/boundary.o tests/main.o tests/lib.o lib/user/entry.o libc.a -o tests/userprog/sc-boundary
pintos -v -k -T 60 --qemu  --fs-disk=2 -p tests/userprog/sc-boundary -a sc-boundary --swap-disk=4 -- -q   -f run sc-boundary < /dev/null 2> tests/userprog/sc-boundary.errors > tests/userprog/sc-boundary.output
perl -I../.. ../../tests/userprog/sc-boundary.ck tests/userprog/sc-boundary tests/userprog/sc-boundary.result
pass tests/userprog/sc-boundary
gcc -m32 -c ../../tests/userprog/sc-boundary-2.c -o tests/userprog/sc-boundary-2.o -g -msoft-float -O -fno-stack-protector -nostdinc -I../.. -I../../lib -I../../lib/user -I. -Wall -W -Wstrict-prototypes -Wmissing-prototypes -Wsystem-headers  -MMD -MF tests/userprog/sc-boundary-2.d
gcc -m32 -nostdlib -static -Wl,-T,../../lib/user/user.lds -Wl,--build-id=none tests/userprog/sc-boundary-2.o tests/userprog/boundary.o tests/main.o tests/lib.o lib/user/entry.o libc.a -o tests/userprog/sc-boundary-2
pintos -v -k -T 60 --qemu  --fs-disk=2 -p tests/userprog/sc-boundary-2 -a sc-boundary-2 --swap-disk=4 -- -q   -f run sc-boundary-2 < /dev/null 2> tests/userprog/sc-boundary-2.errors > tests/userprog/sc-boundary-2.output
perl -I../.. ../../tests/userprog/sc-boundary-2.ck tests/userprog/sc-boundary-2 tests/userprog/sc-boundary-2.result
pass tests/userprog/sc-boundary-2
gcc -m32 -c ../../tests/userprog/halt.c -o tests/userprog/halt.o -g -msoft-float -O -fno-stack-protector -nostdinc -I../.. -I../../lib -I../../lib/user -I. -Wall -W -Wstrict-prototypes -Wmissing-prototypes -Wsystem-headers  -MMD -MF tests/userprog/halt.d
gcc -m32 -nostdlib -static -Wl,-T,../../lib/user/user.lds -Wl,--build-id=none tests/userprog/halt.o tests/main.o tests/lib.o lib/user/entry.o libc.a -o tests/userprog/halt
pintos -v -k -T 60 --qemu  --fs-disk=2 -p tests/userprog/halt -a halt --swap-disk=4 -- -q   -f run halt < /dev/null 2> tests/userprog/halt.errors > tests/userprog/halt.output
perl -I../.. ../../tests/userprog/halt.ck tests/userprog/halt tests/userprog/halt.result
pass tests/userprog/halt
gcc -m32 -c ../../tests/userprog/exit.c -o tests/userprog/exit.o -g -msoft-float -O -fno-stack-protector -nostdinc -I../.. -I../../lib -I../../lib/user -I. -Wall -W -Wstrict-prototypes -Wmissing-prototypes -Wsystem-headers  -MMD -MF tests/userprog/exit.d
gcc -m32 -nostdlib -static -Wl,-T,../../lib/user/user.lds -Wl,--build-id=none tests/userprog/exit.o tests/main.o tests/lib.o lib/user/entry.o libc.a -o tests/userprog/exit
pintos -v -k -T 60 --qemu  --fs-disk=2 -p tests/userprog/exit -a exit --swap-disk=4 -- -q   -f run exit < /dev/null 2> tests/userprog/exit.errors > tests/userprog/exit.output
perl -I../.. ../../tests/userprog/exit.ck tests/userprog/exit tests/userprog/exit.result
pass tests/userprog/exit
gcc -m32 -c ../../tests/userprog/create-normal.c -o tests/userprog/create-normal.o -g -msoft-float -O -fno-stack-protector -nostdinc -I../.. -I../../lib -I../../lib/user -I. -Wall -W -Wstrict-prototypes -Wmissing-prototypes -Wsystem-headers  -MMD -MF tests/userprog/create-normal.d
gcc -m32 -nostdlib -static -Wl,-T,../../lib/user/user.lds -Wl,--build-id=none tests/userprog/create-normal.o tests/main.o tests/lib.o lib/user/entry.o libc.a -o tests/userprog/create-normal
pintos -v -k -T 60 --qemu  --fs-disk=2 -p tests/userprog/create-normal -a create-normal --swap-disk=4 -- -q   -f run create-normal < /dev/null 2> tests/userprog/create-normal.errors > tests/userprog/create-normal.output
perl -I../.. ../../tests/userprog/create-normal.ck tests/userprog/create-normal tests/userprog/create-normal.result
pass tests/userprog/create-normal
gcc -m32 -c ../../tests/userprog/create-empty.c -o tests/userprog/create-empty.o -g -msoft-float -O -fno-stack-protector -nostdinc -I../.. -I../../lib -I../../lib/user -I. -Wall -W -Wstrict-prototypes -Wmissing-prototypes -Wsystem-headers  -MMD -MF tests/userprog/create-empty.d
gcc -m32 -nostdlib -static -Wl,-T,../../lib/user/user.lds -Wl,--build-id=none tests/userprog/create-empty.o tests/main.o tests/lib.o lib/user/entry.o libc.a -o tests/userprog/create-empty
pintos -v -k -T 60 --qemu  --fs-disk=2 -p tests/userprog/create-empty -a create-empty --swap-disk=4 -- -q   -f run create-empty < /dev/null 2> tests/userprog/create-empty.errors > tests/userprog/create-empty.output
perl -I../.. ../../tests/userprog/create-empty.ck tests/userprog/create-empty tests/userprog/create-empty.result
pass tests/userprog/create-empty
gcc -m32 -c ../../tests/userprog/create-null.c -o tests/userprog/create-null.o -g -msoft-float -O -fno-stack-protector -nostdinc -I../.. -I../../lib -I../../lib/user -I. -Wall -W -Wstrict-prototypes -Wmissing-prototypes -Wsystem-headers  -MMD -MF tests/userprog/create-null.d
gcc -m32 -nostdlib -static -Wl,-T,../../lib/user/user.lds -Wl,--build-id=none tests/userprog/create-null.o tests/main.o tests/lib.o lib/user/entry.o libc.a -o tests/userprog/create-null
pintos -v -k -T 60 --qemu  --fs-disk=2 -p tests/userprog/create-null -a create-null --swap-disk=4 -- -q   -f run create-null < /dev/null 2> tests/userprog/create-null.errors > tests/userprog/create-null.output
perl -I../.. ../../tests/userprog/create-null.ck tests/userprog/create-null tests/userprog/create-null.result
pass tests/userprog/create-null
gcc -m32 -c ../../tests/userprog/create-bad-ptr.c -o tests/userprog/create-bad-ptr.o -g -msoft-float -O -fno-stack-protector -nostdinc -I../.. -I../../lib -I../../lib/user -I. -Wall -W -Wstrict-prototypes -Wmissing-prototypes -Wsystem-headers  -MMD -MF tests/userprog/create-bad-ptr.d
gcc -m32 -nostdlib -static -Wl,-T,../../lib/user/user.lds -Wl,--build-id=none tests/userprog/create-bad-ptr.o tests/main.o tests/lib.o lib/user/entry.o libc.a -o tests/userprog/create-bad-ptr
pintos -v -k -T 60 --qemu  --fs-disk=2 -p tests/userprog/create-bad-ptr -a create-bad-ptr --swap-disk=4 -- -q   -f run create-bad-ptr < /dev/null 2> tests/userprog/create-bad-ptr.errors > tests/userprog/create-bad-ptr.output
perl -I../.. ../../tests/userprog/create-bad-ptr.ck tests/userprog/create-bad-ptr tests/userprog/create-bad-ptr.result
pass tests/userprog/create-bad-ptr
gcc -m32 -c ../../tests/userprog/create-long.c -o tests/userprog/create-long.o -g -msoft-float -O -fno-stack-protector -nostdinc -I../.. -I../../lib -I../../lib/user -I. -Wall -W -Wstrict-prototypes -Wmissing-prototypes -Wsystem-headers  -MMD -MF tests/userprog/create-long.d
gcc -m32 -nostdlib -static -Wl,-T,../../lib/user/user.lds -Wl,--build-id=none tests/userprog/create-long.o tests/main.o tests/lib.o lib/user/entry.o libc.a -o tests/userprog/create-long
pintos -v -k -T 60 --qemu  --fs-disk=2 -p tests/userprog/create-long -a create-long --swap-disk=4 -- -q   -f run create-long < /dev/null 2> tests/userprog/create-long.errors > tests/userprog/create-long.output
perl -I../.. ../../tests/userprog/create-long.ck tests/userprog/create-long tests/userprog/create-long.result
pass tests/userprog/create-long
gcc -m32 -c ../../tests/userprog/create-exists.c -o tests/userprog/create-exists.o -g -msoft-float -O -fno-stack-protector -nostdinc -I../.. -I../../lib -I../../lib/user -I. -Wall -W -Wstrict-prototypes -Wmissing-prototypes -Wsystem-headers  -MMD -MF tests/userprog/create-exists.d
gcc -m32 -nostdlib -static -Wl,-T,../../lib/user/user.lds -Wl,--build-id=none tests/userprog/create-exists.o tests/main.o tests/lib.o lib/user/entry.o libc.a -o tests/userprog/create-exists
pintos -v -k -T 60 --qemu  --fs-disk=2 -p tests/userprog/create-exists -a create-exists --swap-disk=4 -- -q   -f run create-exists < /dev/null 2> tests/userprog/create-exists.errors > tests/userprog/create-exists.output
perl -I../.. ../../tests/userprog/create-exists.ck tests/userprog/create-exists tests/userprog/create-exists.result
pass tests/userprog/create-exists
gcc -m32 -c ../../tests/userprog/create-bound.c -o tests/userprog/create-bound.o -g -msoft-float -O -fno-stack-protector -nostdinc -I../.. -I../../lib -I../../lib/user -I. -Wall -W -Wstrict-prototypes -Wmissing-prototypes -Wsystem-headers  -MMD -MF tests/userprog/create-bound.d
gcc -m32 -nostdlib -static -Wl,-T,../../lib/user/user.lds -Wl,--build-id=none tests/userprog/create-bound.o tests/userprog/boundary.o tests/main.o tests/lib.o lib/user/entry.o libc.a -o tests/userprog/create-bound
pintos -v -k -T 60 --qemu  --fs-disk=2 -p tests/userprog/create-bound -a create-bound --swap-disk=4 -- -q   -f run create-bound < /dev/null 2> tests/userprog/create-bound.errors > tests/userprog/create-bound.output
perl -I../.. ../../tests/userprog/create-bound.ck tests/userprog/create-bound tests/userprog/create-bound.result
pass tests/userprog/create-bound
gcc -m32 -c ../../tests/userprog/open-normal.c -o tests/userprog/open-normal.o -g -msoft-float -O -fno-stack-protector -nostdinc -I../.. -I../../lib -I../../lib/user -I. -Wall -W -Wstrict-prototypes -Wmissing-prototypes -Wsystem-headers  -MMD -MF tests/userprog/open-normal.d
gcc -m32 -nostdlib -static -Wl,-T,../../lib/user/user.lds -Wl,--build-id=none tests/userprog/open-normal.o tests/main.o tests/lib.o lib/user/entry.o libc.a -o tests/userprog/open-normal
pintos -v -k -T 60 --qemu  --fs-disk=2 -p tests/userprog/open-normal -a open-normal -p ../../tests/userprog/sample.txt -a sample.txt --swap-disk=4 -- -q   -f run open-normal < /dev/null 2> tests/userprog/open-normal.errors > tests/userprog/open-normal.output
perl -I../.. ../../tests/userprog/open-normal.ck tests/userprog/open-normal tests/userprog/open-normal.result
pass tests/userprog/open-normal
gcc -m32 -c ../../tests/userprog/open-missing.c -o tests/userprog/open-missing.o -g -msoft-float -O -fno-stack-protector -nostdinc -I../.. -I../../lib -I../../lib/user -I. -Wall -W -Wstrict-prototypes -Wmissing-prototypes -Wsystem-headers  -MMD -MF tests/userprog/open-missing.d
gcc -m32 -nostdlib -static -Wl,-T,../../lib/user/user.lds -Wl,--build-id=none tests/userprog/open-missing.o tests/main.o tests/lib.o lib/user/entry.o libc.a -o tests/userprog/open-missing
pintos -v -k -T 60 --qemu  --fs-disk=2 -p tests/userprog/open-missing -a open-missing --swap-disk=4 -- -q   -f run open-missing < /dev/null 2> tests/userprog/open-missing.errors > tests/userprog/open-missing.output
perl -I../.. ../../tests/userprog/open-missing.ck tests/userprog/open-missing tests/userprog/open-missing.result
pass tests/userprog/open-missing
gcc -m32 -c ../../tests/userprog/open-boundary.c -o tests/userprog/open-boundary.o -g -msoft-float -O -fno-stack-protector -nostdinc -I../.. -I../../lib -I../../lib/user -I. -Wall -W -Wstrict-prototypes -Wmissing-prototypes -Wsystem-headers  -MMD -MF tests/userprog/open-boundary.d
gcc -m32 -nostdlib -static -Wl,-T,../../lib/user/user.lds -Wl,--build-id=none tests/userprog/open-boundary.o tests/userprog/boundary.o tests/main.o tests/lib.o lib/user/entry.o libc.a -o tests/userprog/open-boundary
pintos -v -k -T 60 --qemu  --fs-disk=2 -p tests/userprog/open-boundary -a open-boundary -p ../../tests/userprog/sample.txt -a sample.txt --swap-disk=4 -- -q   -f run open-boundary < /dev/null 2> tests/userprog/open-boundary.errors > tests/userprog/open-boundary.output
perl -I../.. ../../tests/userprog/open-boundary.ck tests/userprog/open-boundary tests/userprog/open-boundary.result
pass tests/userprog/open-boundary
gcc -m32 -c ../../tests/userprog/open-empty.c -o tests/userprog/open-empty.o -g -msoft-float -O -fno-stack-protector -nostdinc -I../.. -I../../lib -I../../lib/user -I. -Wall -W -Wstrict-prototypes -Wmissing-prototypes -Wsystem-headers  -MMD -MF tests/userprog/open-empty.d
gcc -m32 -nostdlib -static -Wl,-T,../../lib/user/user.lds -Wl,--build-id=none tests/userprog/open-empty.o tests/main.o tests/lib.o lib/user/entry.o libc.a -o tests/userprog/open-empty
pintos -v -k -T 60 --qemu  --fs-disk=2 -p tests/userprog/open-empty -a open-empty --swap-disk=4 -- -q   -f run open-empty < /dev/null 2> tests/userprog/open-empty.errors > tests/userprog/open-empty.output
perl -I../.. ../../tests/userprog/open-empty.ck tests/userprog/open-empty tests/userprog/open-empty.result
pass tests/userprog/open-empty
gcc -m32 -c ../../tests/userprog/open-null.c -o tests/userprog/open-null.o -g -msoft-float -O -fno-stack-protector -nostdinc -I../.. -I../../lib -I../../lib/user -I. -Wall -W -Wstrict-prototypes -Wmissing-prototypes -Wsystem-headers  -MMD -MF tests/userprog/open-null.d
gcc -m32 -nostdlib -static -Wl,-T,../../lib/user/user.lds -Wl,--build-id=none tests/userprog/open-null.o tests/main.o tests/lib.o lib/user/entry.o libc.a -o tests/userprog/open-null
pintos -v -k -T 60 --qemu  --fs-disk=2 -p tests/userprog/open-null -a open-null --swap-disk=4 -- -q   -f run open-null < /dev/null 2> tests/userprog/open-null.errors > tests/userprog/open-null.output
perl -I../.. ../../tests/userprog/open-null.ck tests/userprog/open-null tests/userprog/open-null.result
pass tests/userprog/open-null
gcc -m32 -c ../../tests/userprog/open-bad-ptr.c -o tests/userprog/open-bad-ptr.o -g -msoft-float -O -fno-stack-protector -nostdinc -I../.. -I../../lib -I../../lib/user -I. -Wall -W -Wstrict-prototypes -Wmissing-prototypes -Wsystem-headers  -MMD -MF tests/userprog/open-bad-ptr.d
gcc -m32 -nostdlib -static -Wl,-T,../../lib/user/user.lds -Wl,--build-id=none tests/userprog/open-bad-ptr.o tests/main.o tests/lib.o lib/user/entry.o libc.a -o tests/userprog/open-bad-ptr
pintos -v -k -T 60 --qemu  --fs-disk=2 -p tests/userprog/open-bad-ptr -a open-bad-ptr --swap-disk=4 -- -q   -f run open-bad-ptr < /dev/null 2> tests/userprog/open-bad-ptr.errors > tests/userprog/open-bad-ptr.output
perl -I../.. ../../tests/userprog/open-bad-ptr.ck tests/userprog/open-bad-ptr tests/userprog/open-bad-ptr.result
pass tests/userprog/open-bad-ptr
gcc -m32 -c ../../tests/userprog/open-twice.c -o tests/userprog/open-twice.o -g -msoft-float -O -fno-stack-protector -nostdinc -I../.. -I../../lib -I../../lib/user -I. -Wall -W -Wstrict-prototypes -Wmissing-prototypes -Wsystem-headers  -MMD -MF tests/userprog/open-twice.d
gcc -m32 -nostdlib -static -Wl,-T,../../lib/user/user.lds -Wl,--build-id=none tests/userprog/open-twice.o tests/main.o tests/lib.o lib/user/entry.o libc.a -o tests/userprog/open-twice
pintos -v -k -T 60 --qemu  --fs-disk=2 -p tests/userprog/open-twice -a open-twice -p ../../tests/userprog/sample.txt -a sample.txt --swap-disk=4 -- -q   -f run open-twice < /dev/null 2> tests/userprog/open-twice.errors > tests/userprog/open-twice.output
perl -I../.. ../../tests/userprog/open-twice.ck tests/userprog/open-twice tests/userprog/open-twice.result
pass tests/userprog/open-twice
gcc -m32 -c ../../tests/userprog/close-normal.c -o tests/userprog/close-normal.o -g -msoft-float -O -fno-stack-protector -nostdinc -I../.. -I../../lib -I../../lib/user -I. -Wall -W -Wstrict-prototypes -Wmissing-prototypes -Wsystem-headers  -MMD -MF tests/userprog/close-normal.d
gcc -m32 -nostdlib -static -Wl,-T,../../lib/user/user.lds -Wl,--build-id=none tests/userprog/close-normal.o tests/main.o tests/lib.o lib/user/entry.o libc.a -o tests/userprog/close-normal
pintos -v -k -T 60 --qemu  --fs-disk=2 -p tests/userprog/close-normal -a close-normal -p ../../tests/userprog/sample.txt -a sample.txt --swap-disk=4 -- -q   -f run close-normal < /dev/null 2> tests/userprog/close-normal.errors > tests/userprog/close-normal.output
perl -I../.. ../../tests/userprog/close-normal.ck tests/userprog/close-normal tests/userprog/close-normal.result
pass tests/userprog/close-normal
gcc -m32 -c ../../tests/userprog/close-twice.c -o tests/userprog/close-twice.o -g -msoft-float -O -fno-stack-protector -nostdinc -I../.. -I../../lib -I../../lib/user -I. -Wall -W -Wstrict-prototypes -Wmissing-prototypes -Wsystem-headers  -MMD -MF tests/userprog/close-twice.d
gcc -m32 -nostdlib -static -Wl,-T,../../lib/user/user.lds -Wl,--build-id=none tests/userprog/close-twice.o tests/main.o tests/lib.o lib/user/entry.o libc.a -o tests/userprog/close-twice
pintos -v -k -T 60 --qemu  --fs-disk=2 -p tests/userprog/close-twice -a close-twice -p ../../tests/userprog/sample.txt -a sample.txt --swap-disk=4 -- -q   -f run close-twice < /dev/null 2> tests/userprog/close-twice.errors > tests/userprog/close-twice.output
perl -I../.. ../../tests/userprog/close-twice.ck tests/userprog/close-twice tests/userprog/close-twice.result
pass tests/userprog/close-twice
gcc -m32 -c ../../tests/userprog/close-stdin.c -o tests/userprog/close-stdin.o -g -msoft-float -O -fno-stack-protector -nostdinc -I../.. -I../../lib -I../../lib/user -I. -Wall -W -Wstrict-prototypes -Wmissing-prototypes -Wsystem-headers  -MMD -MF tests/userprog/close-stdin.d
gcc -m32 -nostdlib -static -Wl,-T,../../lib/user/user.lds -Wl,--build-id=none tests/userprog/close-stdin.o tests/main.o tests/lib.o lib/user/entry.o libc.a -o tests/userprog/close-stdin
pintos -v -k -T 60 --qemu  --fs-disk=2 -p tests/userprog/close-stdin -a close-stdin --swap-disk=4 -- -q   -f run close-stdin < /dev/null 2> tests/userprog/close-stdin.errors > tests/userprog/close-stdin.output
perl -I../.. ../../tests/userprog/close-stdin.ck tests/userprog/close-stdin tests/userprog/close-stdin.result
pass tests/userprog/close-stdin
gcc -m32 -c ../../tests/userprog/close-stdout.c -o tests/userprog/close-stdout.o -g -msoft-float -O -fno-stack-protector -nostdinc -I../.. -I../../lib -I../../lib/user -I. -Wall -W -Wstrict-prototypes -Wmissing-prototypes -Wsystem-headers  -MMD -MF tests/userprog/close-stdout.d
gcc -m32 -nostdlib -static -Wl,-T,../../lib/user/user.lds -Wl,--build-id=none tests/userprog/close-stdout.o tests/main.o tests/lib.o lib/user/entry.o libc.a -o tests/userprog/close-stdout
pintos -v -k -T 60 --qemu  --fs-disk=2 -p tests/userprog/close-stdout -a close-stdout --swap-disk=4 -- -q   -f run close-stdout < /dev/null 2> tests/userprog/close-stdout.errors > tests/userprog/close-stdout.output
perl -I../.. ../../tests/userprog/close-stdout.ck tests/userprog/close-stdout tests/userprog/close-stdout.result
pass tests/userprog/close-stdout
gcc -m32 -c ../../tests/userprog/close-bad-fd.c -o tests/userprog/close-bad-fd.o -g -msoft-float -O -fno-stack-protector -nostdinc -I../.. -I../../lib -I../../lib/user -I. -Wall -W -Wstrict-prototypes -Wmissing-prototypes -Wsystem-headers  -MMD -MF tests/userprog/close-bad-fd.d
gcc -m32 -nostdlib -static -Wl,-T,../../lib/user/user.lds -Wl,--build-id=none tests/userprog/close-bad-fd.o tests/main.o tests/lib.o lib/user/entry.o libc.a -o tests/userprog/close-bad-fd
pintos -v -k -T 60 --qemu  --fs-disk=2 -p tests/userprog/close-bad-fd -a close-bad-fd --swap-disk=4 -- -q   -f run close-bad-fd < /dev/null 2> tests/userprog/close-bad-fd.errors > tests/userprog/close-bad-fd.output
perl -I../.. ../../tests/userprog/close-bad-fd.ck tests/userprog/close-bad-fd tests/userprog/close-bad-fd.result
pass tests/userprog/close-bad-fd
gcc -m32 -c ../../tests/userprog/read-normal.c -o tests/userprog/read-normal.o -g -msoft-float -O -fno-stack-protector -nostdinc -I../.. -I../../lib -I../../lib/user -I. -Wall -W -Wstrict-prototypes -Wmissing-prototypes -Wsystem-headers  -MMD -MF tests/userprog/read-normal.d
gcc -m32 -nostdlib -static -Wl,-T,../../lib/user/user.lds -Wl,--build-id=none tests/userprog/read-normal.o tests/main.o tests/lib.o lib/user/entry.o libc.a -o tests/userprog/read-normal
pintos -v -k -T 60 --qemu  --fs-disk=2 -p tests/userprog/read-normal -a read-normal -p ../../tests/userprog/sample.txt -a sample.txt --swap-disk=4 -- -q   -f run read-normal < /dev/null 2> tests/userprog/read-normal.errors > tests/userprog/read-normal.output
perl -I../.. ../../tests/userprog/read-normal.ck tests/userprog/read-normal tests/userprog/read-normal.result
pass tests/userprog/read-normal
gcc -m32 -c ../../tests/userprog/read-bad-ptr.c -o tests/userprog/read-bad-ptr.o -g -msoft-float -O -fno-stack-protector -nostdinc -I../.. -I../../lib -I../../lib/user -I. -Wall -W -Wstrict-prototypes -Wmissing-prototypes -Wsystem-headers  -MMD -MF tests/userprog/read-bad-ptr.d
gcc -m32 -nostdlib -static -Wl,-T,../../lib/user/user.lds -Wl,--build-id=none tests/userprog/read-bad-ptr.o tests/main.o tests/lib.o lib/user/entry.o libc.a -o tests/userprog/read-bad-ptr
pintos -v -k -T 60 --qemu  --fs-disk=2 -p tests/userprog/read-bad-ptr -a read-bad-ptr -p ../../tests/userprog/sample.txt -a sample.txt --swap-disk=4 -- -q   -f run read-bad-ptr < /dev/null 2> tests/userprog/read-bad-ptr.errors > tests/userprog/read-bad-ptr.output
perl -I../.. ../../tests/userprog/read-bad-ptr.ck tests/userprog/read-bad-ptr tests/userprog/read-bad-ptr.result
pass tests/userprog/read-bad-ptr
gcc -m32 -c ../../tests/userprog/read-boundary.c -o tests/userprog/read-boundary.o -g -msoft-float -O -fno-stack-protector -nostdinc -I../.. -I../../lib -I../../lib/user -I. -Wall -W -Wstrict-prototypes -Wmissing-prototypes -Wsystem-headers  -MMD -MF tests/userprog/read-boundary.d
gcc -m32 -nostdlib -static -Wl,-T,../../lib/user/user.lds -Wl,--build-id=none tests/userprog/read-boundary.o tests/userprog/boundary.o tests/main.o tests/lib.o lib/user/entry.o libc.a -o tests/userprog/read-boundary
pintos -v -k -T 60 --qemu  --fs-disk=2 -p tests/userprog/read-boundary -a read-boundary -p ../../tests/userprog/sample.txt -a sample.txt --swap-disk=4 -- -q   -f run read-boundary < /dev/null 2> tests/userprog/read-boundary.errors > tests/userprog/read-boundary.output
perl -I../.. ../../tests/userprog/read-boundary.ck tests/userprog/read-boundary tests/userprog/read-boundary.result
pass tests/userprog/read-boundary
gcc -m32 -c ../../tests/userprog/read-zero.c -o tests/userprog/read-zero.o -g -msoft-float -O -fno-stack-protector -nostdinc -I../.. -I../../lib -I../../lib/user -I. -Wall -W -Wstrict-prototypes -Wmissing-prototypes -Wsystem-headers  -MMD -MF tests/userprog/read-zero.d
gcc -m32 -nostdlib -static -Wl,-T,../../lib/user/user.lds -Wl,--build-id=none tests/userprog/read-zero.o tests/main.o tests/lib.o lib/user/entry.o libc.a -o tests/userprog/read-zero
pintos -v -k -T 60 --qemu  --fs-disk=2 -p tests/userprog/read-zero -a read-zero -p ../../tests/userprog/sample.txt -a sample.txt --swap-disk=4 -- -q   -f run read-zero < /dev/null 2> tests/userprog/read-zero.errors > tests/userprog/read-zero.output
perl -I../.. ../../tests/userprog/read-zero.ck tests/userprog/read-zero tests/userprog/read-zero.result
pass tests/userprog/read-zero
gcc -m32 -c ../../tests/userprog/read-stdout.c -o tests/userprog/read-stdout.o -g -msoft-float -O -fno-stack-protector -nostdinc -I../.. -I../../lib -I../../lib/user -I. -Wall -W -Wstrict-prototypes -Wmissing-prototypes -Wsystem-headers  -MMD -MF tests/userprog/read-stdout.d
gcc -m32 -nostdlib -static -Wl,-T,../../lib/user/user.lds -Wl,--build-id=none tests/userprog/read-stdout.o tests/main.o tests/lib.o lib/user/entry.o libc.a -o tests/userprog/read-stdout
pintos -v -k -T 60 --qemu  --fs-disk=2 -p tests/userprog/read-stdout -a read-stdout --swap-disk=4 -- -q   -f run read-stdout < /dev/null 2> tests/userprog/read-stdout.errors > tests/userprog/read-stdout.output
perl -I../.. ../../tests/userprog/read-stdout.ck tests/userprog/read-stdout tests/userprog/read-stdout.result
pass tests/userprog/read-stdout
gcc -m32 -c ../../tests/userprog/read-bad-fd.c -o tests/userprog/read-bad-fd.o -g -msoft-float -O -fno-stack-protector -nostdinc -I../.. -I../../lib -I../../lib/user -I. -Wall -W -Wstrict-prototypes -Wmissing-prototypes -Wsystem-headers  -MMD -MF tests/userprog/read-bad-fd.d
gcc -m32 -nostdlib -static -Wl,-T,../../lib/user/user.lds -Wl,--build-id=none tests/userprog/read-bad-fd.o tests/main.o tests/lib.o lib/user/entry.o libc.a -o tests/userprog/read-bad-fd
pintos -v -k -T 60 --qemu  --fs-disk=2 -p tests/userprog/read-bad-fd -a read-bad-fd --swap-disk=4 -- -q   -f run read-bad-fd < /dev/null 2> tests/userprog/read-bad-fd.errors > tests/userprog/read-bad-fd.output
perl -I../.. ../../tests/userprog/read-bad-fd.ck tests/userprog/read-bad-fd tests/userprog/read-bad-fd.result
pass tests/userprog/read-bad-fd
gcc -m32 -c ../../tests/userprog/write-normal.c -o tests/userprog/write-normal.o -g -msoft-float -O -fno-stack-protector -nostdinc -I../.. -I../../lib -I../../lib/user -I. -Wall -W -Wstrict-prototypes -Wmissing-prototypes -Wsystem-headers  -MMD -MF tests/userprog/write-normal.d
gcc -m32 -nostdlib -static -Wl,-T,../../lib/user/user.lds -Wl,--build-id=none tests/userprog/write-normal.o tests/main.o tests/lib.o lib/user/entry.o libc.a -o tests/userprog/write-normal
pintos -v -k -T 60 --qemu  --fs-disk=2 -p tests/userprog/write-normal -a write-normal -p ../../tests/userprog/sample.txt -a sample.txt --swap-disk=4 -- -q   -f run write-normal < /dev/null 2> tests/userprog/write-normal.errors > tests/userprog/write-normal.output
perl -I../.. ../../tests/userprog/write-normal.ck tests/userprog/write-normal tests/userprog/write-normal.result
pass tests/userprog/write-normal
gcc -m32 -c ../../tests/userprog/write-bad-ptr.c -o tests/userprog/write-bad-ptr.o -g -msoft-float -O -fno-stack-protector -nostdinc -I../.. -I../../lib -I../../lib/user -I. -Wall -W -Wstrict-prototypes -Wmissing-prototypes -Wsystem-headers  -MMD -MF tests/userprog/write-bad-ptr.d
gcc -m32 -nostdlib -static -Wl,-T,../../lib/user/user.lds -Wl,--build-id=none tests/userprog/write-bad-ptr.o tests/main.o tests/lib.o lib/user/entry.o libc.a -o tests/userprog/write-bad-ptr
pintos -v -k -T 60 --qemu  --fs-disk=2 -p tests/userprog/write-bad-ptr -a write-bad-ptr -p ../../tests/userprog/sample.txt -a sample.txt --swap-disk=4 -- -q   -f run write-bad-ptr < /dev/null 2> tests/userprog/write-bad-ptr.errors > tests/userprog/write-bad-ptr.output
perl -I../.. ../../tests/userprog/write-bad-ptr.ck tests/userprog/write-bad-ptr tests/userprog/write-bad-ptr.result
pass tests/userprog/write-bad-ptr
gcc -m32 -c ../../tests/userprog/write-boundary.c -o tests/userprog/write-boundary.o -g -msoft-float -O -fno-stack-protector -nostdinc -I../.. -I../../lib -I../../lib/user -I. -Wall -W -Wstrict-prototypes -Wmissing-prototypes -Wsystem-headers  -MMD -MF tests/userprog/write-boundary.d
gcc -m32 -nostdlib -static -Wl,-T,../../lib/user/user.lds -Wl,--build-id=none tests/userprog/write-boundary.o tests/userprog/boundary.o tests/main.o tests/lib.o lib/user/entry.o libc.a -o tests/userprog/write-boundary
pintos -v -k -T 60 --qemu  --fs-disk=2 -p tests/userprog/write-boundary -a write-boundary -p ../../tests/userprog/sample.txt -a sample.txt --swap-disk=4 -- -q   -f run write-boundary < /dev/null 2> tests/userprog/write-boundary.errors > tests/userprog/write-boundary.output
perl -I../.. ../../tests/userprog/write-boundary.ck tests/userprog/write-boundary tests/userprog/write-boundary.result
pass tests/userprog/write-boundary
gcc -m32 -c ../../tests/userprog/write-zero.c -o tests/userprog/write-zero.o -g -msoft-float -O -fno-stack-protector -nostdinc -I../.. -I../../lib -I../../lib/user -I. -Wall -W -Wstrict-prototypes -Wmissing-prototypes -Wsystem-headers  -MMD -MF tests/userprog/write-zero.d
gcc -m32 -nostdlib -static -Wl,-T,../../lib/user/user.lds -Wl,--build-id=none tests/userprog/write-zero.o tests/main.o tests/lib.o lib/user/entry.o libc.a -o tests/userprog/write-zero
pintos -v -k -T 60 --qemu  --fs-disk=2 -p tests/userprog/write-zero -a write-zero -p ../../tests/userprog/sample.txt -a sample.txt --swap-disk=4 -- -q   -f run write-zero < /dev/null 2> tests/userprog/write-zero.errors > tests/userprog/write-zero.output
perl -I../.. ../../tests/userprog/write-zero.ck tests/userprog/write-zero tests/userprog/write-zero.result
pass tests/userprog/write-zero
gcc -m32 -c ../../tests/userprog/write-stdin.c -o tests/userprog/write-stdin.o -g -msoft-float -O -fno-stack-protector -nostdinc -I../.. -I../../lib -I../../lib/user -I. -Wall -W -Wstrict-prototypes -Wmissing-prototypes -Wsystem-headers  -MMD -MF tests/userprog/write-stdin.d
gcc -m32 -nostdlib -static -Wl,-T,../../lib/user/user.lds -Wl,--build-id=none tests/userprog/write-stdin.o tests/main.o tests/lib.o lib/user/entry.o libc.a -o tests/userprog/write-stdin
pintos -v -k -T 60 --qemu  --fs-disk=2 -p tests/userprog/write-stdin -a write-stdin --swap-disk=4 -- -q   -f run write-stdin < /dev/null 2> tests/userprog/write-stdin.errors > tests/userprog/write-stdin.output
perl -I../.. ../../tests/userprog/write-stdin.ck tests/userprog/write-stdin tests/userprog/write-stdin.result
pass tests/userprog/write-stdin
gcc -m32 -c ../../tests/userprog/write-bad-fd.c -o tests/userprog/write-bad-fd.o -g -msoft-float -O -fno-stack-protector -nostdinc -I../.. -I../../lib -I../../lib/user -I. -Wall -W -Wstrict-prototypes -Wmissing-prototypes -Wsystem-headers  -MMD -MF tests/userprog/write-bad-fd.d
gcc -m32 -nostdlib -static -Wl,-T,../../lib/user/user.lds -Wl,--build-id=none tests/userprog/write-bad-fd.o tests/main.o tests/lib.o lib/user/entry.o libc.a -o tests/userprog/write-bad-fd
pintos -v -k -T 60 --qemu  --fs-disk=2 -p tests/userprog/write-bad-fd -a write-bad-fd --swap-disk=4 -- -q   -f run write-bad-fd < /dev/null 2> tests/userprog/write-bad-fd.errors > tests/userprog/write-bad-fd.output
perl -I../.. ../../tests/userprog/write-bad-fd.ck tests/userprog/write-bad-fd tests/userprog/write-bad-fd.result
pass tests/userprog/write-bad-fd
gcc -m32 -c ../../tests/userprog/exec-once.c -o tests/userprog/exec-once.o -g -msoft-float -O -fno-stack-protector -nostdinc -I../.. -I../../lib -I../../lib/user -I. -Wall -W -Wstrict-prototypes -Wmissing-prototypes -Wsystem-headers  -MMD -MF tests/userprog/exec-once.d
gcc -m32 -nostdlib -static -Wl,-T,../../lib/user/user.lds -Wl,--build-id=none tests/userprog/exec-once.o tests/main.o tests/lib.o lib/user/entry.o libc.a -o tests/userprog/exec-once
gcc -m32 -c ../../tests/userprog/child-simple.c -o tests/userprog/child-simple.o -g -msoft-float -O -fno-stack-protector -nostdinc -I../.. -I../../lib -I../../lib/user -I. -Wall -W -Wstrict-prototypes -Wmissing-prototypes -Wsystem-headers  -MMD -MF tests/userprog/child-simple.d
gcc -m32 -nostdlib -static -Wl,-T,../../lib/user/user.lds -Wl,--build-id=none tests/userprog/child-simple.o tests/lib.o lib/user/entry.o libc.a -o tests/userprog/child-simple
pintos -v -k -T 60 --qemu  --fs-disk=2 -p tests/userprog/exec-once -a exec-once -p tests/userprog/child-simple -a child-simple --swap-disk=4 -- -q   -f run exec-once < /dev/null 2> tests/userprog/exec-once.errors > tests/userprog/exec-once.output
perl -I../.. ../../tests/userprog/exec-once.ck tests/userprog/exec-once tests/userprog/exec-once.result
pass tests/userprog/exec-once
gcc -m32 -c ../../tests/userprog/exec-arg.c -o tests/userprog/exec-arg.o -g -msoft-float -O -fno-stack-protector -nostdinc -I../.. -I../../lib -I../../lib/user -I. -Wall -W -Wstrict-prototypes -Wmissing-prototypes -Wsystem-headers  -MMD -MF tests/userprog/exec-arg.d
gcc -m32 -nostdlib -static -Wl,-T,../../lib/user/user.lds -Wl,--build-id=none tests/userprog/exec-arg.o tests/main.o tests/lib.o lib/user/entry.o libc.a -o tests/userprog/exec-arg
gcc -m32 -nostdlib -static -Wl,-T,../../lib/user/user.lds -Wl,--build-id=none tests/userprog/args.o tests/lib.o lib/user/entry.o libc.a -o tests/userprog/child-args
pintos -v -k -T 60 --qemu  --fs-disk=2 -p tests/userprog/exec-arg -a exec-arg -p tests/userprog/child-args -a child-args --swap-disk=4 -- -q   -f run exec-arg < /dev/null 2> tests/userprog/exec-arg.errors > tests/userprog/exec-arg.output
perl -I../.. ../../tests/userprog/exec-arg.ck tests/userprog/exec-arg tests/userprog/exec-arg.result
pass tests/userprog/exec-arg
gcc -m32 -c ../../tests/userprog/exec-multiple.c -o tests/userprog/exec-multiple.o -g -msoft-float -O -fno-stack-protector -nostdinc -I../.. -I../../lib -I../../lib/user -I. -Wall -W -Wstrict-prototypes -Wmissing-prototypes -Wsystem-headers  -MMD -MF tests/userprog/exec-multiple.d
gcc -m32 -nostdlib -static -Wl,-T,../../lib/user/user.lds -Wl,--build-id=none tests/userprog/exec-multiple.o tests/main.o tests/lib.o lib/user/entry.o libc.a -o tests/userprog/exec-multiple
pintos -v -k -T 60 --qemu  --fs-disk=2 -p tests/userprog/exec-multiple -a exec-multiple -p tests/userprog/child-simple -a child-simple --swap-disk=4 -- -q   -f run exec-multiple < /dev/null 2> tests/userprog/exec-multiple.errors > tests/userprog/exec-multiple.output
perl -I../.. ../../tests/userprog/exec-multiple.ck tests/userprog/exec-multiple tests/userprog/exec-multiple.result
pass tests/userprog/exec-multiple
gcc -m32 -c ../../tests/userprog/exec-missing.c -o tests/userprog/exec-missing.o -g -msoft-float -O -fno-stack-protector -nostdinc -I../.. -I../../lib -I../../lib/user -I. -Wall -W -Wstrict-prototypes -Wmissing-prototypes -Wsystem-headers  -MMD -MF tests/userprog/exec-missing.d
gcc -m32 -nostdlib -static -Wl,-T,../../lib/user/user.lds -Wl,--build-id=none tests/userprog/exec-missing.o tests/main.o tests/lib.o lib/user/entry.o libc.a -o tests/userprog/exec-missing
pintos -v -k -T 60 --qemu  --fs-disk=2 -p tests/userprog/exec-missing -a exec-missing --swap-disk=4 -- -q   -f run exec-missing < /dev/null 2> tests/userprog/exec-missing.errors > tests/userprog/exec-missing.output
perl -I../.. ../../tests/userprog/exec-missing.ck tests/userprog/exec-missing tests/userprog/exec-missing.result
pass tests/userprog/exec-missing
gcc -m32 -c ../../tests/userprog/exec-bad-ptr.c -o tests/userprog/exec-bad-ptr.o -g -msoft-float -O -fno-stack-protector -nostdinc -I../.. -I../../lib -I../../lib/user -I. -Wall -W -Wstrict-prototypes -Wmissing-prototypes -Wsystem-headers  -MMD -MF tests/userprog/exec-bad-ptr.d
gcc -m32 -nostdlib -static -Wl,-T,../../lib/user/user.lds -Wl,--build-id=none tests/userprog/exec-bad-ptr.o tests/main.o tests/lib.o lib/user/entry.o libc.a -o tests/userprog/exec-bad-ptr
pintos -v -k -T 60 --qemu  --fs-disk=2 -p tests/userprog/exec-bad-ptr -a exec-bad-ptr --swap-disk=4 -- -q   -f run exec-bad-ptr < /dev/null 2> tests/userprog/exec-bad-ptr.errors > tests/userprog/exec-bad-ptr.output
perl -I../.. ../../tests/userprog/exec-bad-ptr.ck tests/userprog/exec-bad-ptr tests/userprog/exec-bad-ptr.result
pass tests/userprog/exec-bad-ptr
gcc -m32 -c ../../tests/userprog/wait-simple.c -o tests/userprog/wait-simple.o -g -msoft-float -O -fno-stack-protector -nostdinc -I../.. -I../../lib -I../../lib/user -I. -Wall -W -Wstrict-prototypes -Wmissing-prototypes -Wsystem-headers  -MMD -MF tests/userprog/wait-simple.d
gcc -m32 -nostdlib -static -Wl,-T,../../lib/user/user.lds -Wl,--build-id=none tests/userprog/wait-simple.o tests/main.o tests/lib.o lib/user/entry.o libc.a -o tests/userprog/wait-simple
pintos -v -k -T 60 --qemu  --fs-disk=2 -p tests/userprog/wait-simple -a wait-simple -p tests/userprog/child-simple -a child-simple --swap-disk=4 -- -q   -f run wait-simple < /dev/null 2> tests/userprog/wait-simple.errors > tests/userprog/wait-simple.output
perl -I../.. ../../tests/userprog/wait-simple.ck tests/userprog/wait-simple tests/userprog/wait-simple.result
pass tests/userprog/wait-simple
gcc -m32 -c ../../tests/userprog/wait-twice.c -o tests/userprog/wait-twice.o -g -msoft-float -O -fno-stack-protector -nostdinc -I../.. -I../../lib -I../../lib/user -I. -Wall -W -Wstrict-prototypes -Wmissing-prototypes -Wsystem-headers  -MMD -MF tests/userprog/wait-twice.d
gcc -m32 -nostdlib -static -Wl,-T,../../lib/user/user.lds -Wl,--build-id=none tests/userprog/wait-twice.o tests/main.o tests/lib.o lib/user/entry.o libc.a -o tests/userprog/wait-twice
pintos -v -k -T 60 --qemu  --fs-disk=2 -p tests/userprog/wait-twice -a wait-twice -p tests/userprog/child-simple -a child-simple --swap-disk=4 -- -q   -f run wait-twice < /dev/null 2> tests/userprog/wait-twice.errors > tests/userprog/wait-twice.output
perl -I../.. ../../tests/userprog/wait-twice.ck tests/userprog/wait-twice tests/userprog/wait-twice.result
pass tests/userprog/wait-twice
gcc -m32 -c ../../tests/userprog/wait-killed.c -o tests/userprog/wait-killed.o -g -msoft-float -O -fno-stack-protector -nostdinc -I../.. -I../../lib -I../../lib/user -I. -Wall -W -Wstrict-prototypes -Wmissing-prototypes -Wsystem-headers  -MMD -MF tests/userprog/wait-killed.d
gcc -m32 -nostdlib -static -Wl,-T,../../lib/user/user.lds -Wl,--build-id=none tests/userprog/wait-killed.o tests/main.o tests/lib.o lib/user/entry.o libc.a -o tests/userprog/wait-killed
gcc -m32 -c ../../tests/userprog/child-bad.c -o tests/userprog/child-bad.o -g -msoft-float -O -fno-stack-protector -nostdinc -I../.. -I../../lib -I../../lib/user -I. -Wall -W -Wstrict-prototypes -Wmissing-prototypes -Wsystem-headers  -MMD -MF tests/userprog/child-bad.d
gcc -m32 -nostdlib -static -Wl,-T,../../lib/user/user.lds -Wl,--build-id=none tests/userprog/child-bad.o tests/main.o tests/lib.o lib/user/entry.o libc.a -o tests/userprog/child-bad
pintos -v -k -T 60 --qemu  --fs-disk=2 -p tests/userprog/wait-killed -a wait-killed -p tests/userprog/child-bad -a child-bad --swap-disk=4 -- -q   -f run wait-killed < /dev/null 2> tests/userprog/wait-killed.errors > tests/userprog/wait-killed.output
perl -I../.. ../../tests/userprog/wait-killed.ck tests/userprog/wait-killed tests/userprog/wait-killed.result
pass tests/userprog/wait-killed
gcc -m32 -c ../../tests/userprog/wait-bad-pid.c -o tests/userprog/wait-bad-pid.o -g -msoft-float -O -fno-stack-protector -nostdinc -I../.. -I../../lib -I../../lib/user -I. -Wall -W -Wstrict-prototypes -Wmissing-prototypes -Wsystem-headers  -MMD -MF tests/userprog/wait-bad-pid.d
gcc -m32 -nostdlib -static -Wl,-T,../../lib/user/user.lds -Wl,--build-id=none tests/userprog/wait-bad-pid.o tests/main.o tests/lib.o lib/user/entry.o libc.a -o tests/userprog/wait-bad-pid
pintos -v -k -T 60 --qemu  --fs-disk=2 -p tests/userprog/wait-bad-pid -a wait-bad-pid --swap-disk=4 -- -q   -f run wait-bad-pid < /dev/null 2> tests/userprog/wait-bad-pid.errors > tests/userprog/wait-bad-pid.output
perl -I../.. ../../tests/userprog/wait-bad-pid.ck tests/userprog/wait-bad-pid tests/userprog/wait-bad-pid.result
pass tests/userprog/wait-bad-pid
gcc -m32 -c ../../tests/userprog/multi-recurse.c -o tests/userprog/multi-recurse.o -g -msoft-float -O -fno-stack-protector -nostdinc -I../.. -I../../lib -I../../lib/user -I. -Wall -W -Wstrict-prototypes -Wmissing-prototypes -Wsystem-headers  -MMD -MF tests/userprog/multi-recurse.d
gcc -m32 -nostdlib -static -Wl,-T,../../lib/user/user.lds -Wl,--build-id=none tests/userprog/multi-recurse.o tests/lib.o lib/user/entry.o libc.a -o tests/userprog/multi-recurse
pintos -v -k -T 60 --qemu  --fs-disk=2 -p tests/userprog/multi-recurse -a multi-recurse --swap-disk=4 -- -q   -f run 'multi-recurse 15' < /dev/null 2> tests/userprog/multi-recurse.errors > tests/userprog/multi-recurse.output
perl -I../.. ../../tests/userprog/multi-recurse.ck tests/userprog/multi-recurse tests/userprog/multi-recurse.result
pass tests/userprog/multi-recurse
gcc -m32 -c ../../tests/userprog/multi-child-fd.c -o tests/userprog/multi-child-fd.o -g -msoft-float -O -fno-stack-protector -nostdinc -I../.. -I../../lib -I../../lib/user -I. -Wall -W -Wstrict-prototypes -Wmissing-prototypes -Wsystem-headers  -MMD -MF tests/userprog/multi-child-fd.d
gcc -m32 -nostdlib -static -Wl,-T,../../lib/user/user.lds -Wl,--build-id=none tests/userprog/multi-child-fd.o tests/main.o tests/lib.o lib/user/entry.o libc.a -o tests/userprog/multi-child-fd
gcc -m32 -c ../../tests/userprog/child-close.c -o tests/userprog/child-close.o -g -msoft-float -O -fno-stack-protector -nostdinc -I../.. -I../../lib -I../../lib/user -I. -Wall -W -Wstrict-prototypes -Wmissing-prototypes -Wsystem-headers  -MMD -MF tests/userprog/child-close.d
gcc -m32 -nostdlib -static -Wl,-T,../../lib/user/user.lds -Wl,--build-id=none tests/userprog/child-close.o tests/lib.o lib/user/entry.o libc.a -o tests/userprog/child-close
pintos -v -k -T 60 --qemu  --fs-disk=2 -p tests/userprog/multi-child-fd -a multi-child-fd -p ../../tests/userprog/sample.txt -a sample.txt -p tests/userprog/child-close -a child-close --swap-disk=4 -- -q   -f run multi-child-fd < /dev/null 2> tests/userprog/multi-child-fd.errors > tests/userprog/multi-child-fd.output
perl -I../.. ../../tests/userprog/multi-child-fd.ck tests/userprog/multi-child-fd tests/userprog/multi-child-fd.result
pass tests/userprog/multi-child-fd
gcc -m32 -c ../../tests/userprog/rox-simple.c -o tests/userprog/rox-simple.o -g -msoft-float -O -fno-stack-protector -nostdinc -I../.. -I../../lib -I../../lib/user -I. -Wall -W -Wstrict-prototypes -Wmissing-prototypes -Wsystem-headers  -MMD -MF tests/userprog/rox-simple.d
gcc -m32 -nostdlib -static -Wl,-T,../../lib/user/user.lds -Wl,--build-id=none tests/userprog/rox-simple.o tests/main.o tests/lib.o lib/user/entry.o libc.a -o tests/userprog/rox-simple
pintos -v -k -T 60 --qemu  --fs-disk=2 -p tests/userprog/rox-simple -a rox-simple --swap-disk=4 -- -q   -f run rox-simple < /dev/null 2> tests/userprog/rox-simple.errors > tests/userprog/rox-simple.output
perl -I../.. ../../tests/userprog/rox-simple.ck tests/userprog/rox-simple tests/userprog/rox-simple.result
pass tests/userprog/rox-simple
gcc -m32 -c ../../tests/userprog/rox-child.c -o tests/userprog/rox-child.o -g -msoft-float -O -fno-stack-protector -nostdinc -I../.. -I../../lib -I../../lib/user -I. -Wall -W -Wstrict-prototypes -Wmissing-prototypes -Wsystem-headers  -MMD -MF tests/userprog/rox-child.d
gcc -m32 -nostdlib -static -Wl,-T,../../lib/user/user.lds -Wl,--build-id=none tests/userprog/rox-child.o tests/main.o tests/lib.o lib/user/entry.o libc.a -o tests/userprog/rox-child
gcc -m32 -c ../../tests/userprog/child-rox.c -o tests/userprog/child-rox.o -g -msoft-float -O -fno-stack-protector -nostdinc -I../.. -I../../lib -I../../lib/user -I. -Wall -W -Wstrict-prototypes -Wmissing-prototypes -Wsystem-headers  -MMD -MF tests/userprog/child-rox.d
gcc -m32 -nostdlib -static -Wl,-T,../../lib/user/user.lds -Wl,--build-id=none tests/userprog/child-rox.o tests/lib.o lib/user/entry.o libc.a -o tests/userprog/child-rox
pintos -v -k -T 60 --qemu  --fs-disk=2 -p tests/userprog/rox-child -a rox-child -p tests/userprog/child-rox -a child-rox --swap-disk=4 -- -q   -f run rox-child < /dev/null 2> tests/userprog/rox-child.errors > tests/userprog/rox-child.output
perl -I../.. ../../tests/userprog/rox-child.ck tests/userprog/rox-child tests/userprog/rox-child.result
pass tests/userprog/rox-child
gcc -m32 -c ../../tests/userprog/rox-multichild.c -o tests/userprog/rox-multichild.o -g -msoft-float -O -fno-stack-protector -nostdinc -I../.. -I../../lib -I../../lib/user -I. -Wall -W -Wstrict-prototypes -Wmissing-prototypes -Wsystem-headers  -MMD -MF tests/userprog/rox-multichild.d
gcc -m32 -nostdlib -static -Wl,-T,../../lib/user/user.lds -Wl,--build-id=none tests/userprog/rox-multichild.o tests/main.o tests/lib.o lib/user/entry.o libc.a -o tests/userprog/rox-multichild
pintos -v -k -T 60 --qemu  --fs-disk=2 -p tests/userprog/rox-multichild -a rox-multichild -p tests/userprog/child-rox -a child-rox --swap-disk=4 -- -q   -f run rox-multichild < /dev/null 2> tests/userprog/rox-multichild.errors > tests/userprog/rox-multichild.output
perl -I../.. ../../tests/userprog/rox-multichild.ck tests/userprog/rox-multichild tests/userprog/rox-multichild.result
pass tests/userprog/rox-multichild
gcc -m32 -c ../../tests/userprog/bad-read.c -o tests/userprog/bad-read.o -g -msoft-float -O -fno-stack-protector -nostdinc -I../.. -I../../lib -I../../lib/user -I. -Wall -W -Wstrict-prototypes -Wmissing-prototypes -Wsystem-headers  -MMD -MF tests/userprog/bad-read.d
gcc -m32 -nostdlib -static -Wl,-T,../../lib/user/user.lds -Wl,--build-id=none tests/userprog/bad-read.o tests/main.o tests/lib.o lib/user/entry.o libc.a -o tests/userprog/bad-read
pintos -v -k -T 60 --qemu  --fs-disk=2 -p tests/userprog/bad-read -a bad-read --swap-disk=4 -- -q   -f run bad-read < /dev/null 2> tests/userprog/bad-read.errors > tests/userprog/bad-read.output
perl -I../.. ../../tests/userprog/bad-read.ck tests/userprog/bad-read tests/userprog/bad-read.result
pass tests/userprog/bad-read
gcc -m32 -c ../../tests/userprog/bad-write.c -o tests/userprog/bad-write.o -g -msoft-float -O -fno-stack-protector -nostdinc -I../.. -I../../lib -I../../lib/user -I. -Wall -W -Wstrict-prototypes -Wmissing-prototypes -Wsystem-headers  -MMD -MF tests/userprog/bad-write.d
gcc -m32 -nostdlib -static -Wl,-T,../../lib/user/user.lds -Wl,--build-id=none tests/userprog/bad-write.o tests/main.o tests/lib.o lib/user/entry.o libc.a -o tests/userprog/bad-write
pintos -v -k -T 60 --qemu  --fs-disk=2 -p tests/userprog/bad-write -a bad-write --swap-disk=4 -- -q   -f run bad-write < /dev/null 2> tests/userprog/bad-write.errors > tests/userprog/bad-write.output
perl -I../.. ../../tests/userprog/bad-write.ck tests/userprog/bad-write tests/userprog/bad-write.result
pass tests/userprog/bad-write
gcc -m32 -c ../../tests/userprog/bad-read2.c -o tests/userprog/bad-read2.o -g -msoft-float -O -fno-stack-protector -nostdinc -I../.. -I../../lib -I../../lib/user -I. -Wall -W -Wstrict-prototypes -Wmissing-prototypes -Wsystem-headers  -MMD -MF tests/userprog/bad-read2.d
gcc -m32 -nostdlib -static -Wl,-T,../../lib/user/user.lds -Wl,--build-id=none tests/userprog/bad-read2.o tests/main.o tests/lib.o lib/user/entry.o libc.a -o tests/userprog/bad-read2
pintos -v -k -T 60 --qemu  --fs-disk=2 -p tests/userprog/bad-read2 -a bad-read2 --swap-disk=4 -- -q   -f run bad-read2 < /dev/null 2> tests/userprog/bad-read2.errors > tests/userprog/bad-read2.output
perl -I../.. ../../tests/userprog/bad-read2.ck tests/userprog/bad-read2 tests/userprog/bad-read2.result
pass tests/userprog/bad-read2
gcc -m32 -c ../../tests/userprog/bad-write2.c -o tests/userprog/bad-write2.o -g -msoft-float -O -fno-stack-protector -nostdinc -I../.. -I../../lib -I../../lib/user -I. -Wall -W -Wstrict-prototypes -Wmissing-prototypes -Wsystem-headers  -MMD -MF tests/userprog/bad-write2.d
gcc -m32 -nostdlib -static -Wl,-T,../../lib/user/user.lds -Wl,--build-id=none tests/userprog/bad-write2.o tests/main.o tests/lib.o lib/user/entry.o libc.a -o tests/userprog/bad-write2
pintos -v -k -T 60 --qemu  --fs-disk=2 -p tests/userprog/bad-write2 -a bad-write2 --swap-disk=4 -- -q   -f run bad-write2 < /dev/null 2> tests/userprog/bad-write2.errors > tests/userprog/bad-write2.output
perl -I../.. ../../tests/userprog/bad-write2.ck tests/userprog/bad-write2 tests/userprog/bad-write2.result
pass tests/userprog/bad-write2
gcc -m32 -c ../../tests/userprog/bad-jump.c -o tests/userprog/bad-jump.o -g -msoft-float -O -fno-stack-protector -nostdinc -I../.. -I../../lib -I../../lib/user -I. -Wall -W -Wstrict-prototypes -Wmissing-prototypes -Wsystem-headers  -MMD -MF tests/userprog/bad-jump.d
gcc -m32 -nostdlib -static -Wl,-T,../../lib/user/user.lds -Wl,--build-id=none tests/userprog/bad-jump.o tests/main.o tests/lib.o lib/user/entry.o libc.a -o tests/userprog/bad-jump
pintos -v -k -T 60 --qemu  --fs-disk=2 -p tests/userprog/bad-jump -a bad-jump --swap-disk=4 -- -q   -f run bad-jump < /dev/null 2> tests/userprog/bad-jump.errors > tests/userprog/bad-jump.output
perl -I../.. ../../tests/userprog/bad-jump.ck tests/userprog/bad-jump tests/userprog/bad-jump.result
pass tests/userprog/bad-jump
gcc -m32 -c ../../tests/userprog/bad-jump2.c -o tests/userprog/bad-jump2.o -g -msoft-float -O -fno-stack-protector -nostdinc -I../.. -I../../lib -I../../lib/user -I. -Wall -W -Wstrict-prototypes -Wmissing-prototypes -Wsystem-headers  -MMD -MF tests/userprog/bad-jump2.d
gcc -m32 -nostdlib -static -Wl,-T,../../lib/user/user.lds -Wl,--build-id=none tests/userprog/bad-jump2.o tests/main.o tests/lib.o lib/user/entry.o libc.a -o tests/userprog/bad-jump2
pintos -v -k -T 60 --qemu  --fs-disk=2 -p tests/userprog/bad-jump2 -a bad-jump2 --swap-disk=4 -- -q   -f run bad-jump2 < /dev/null 2> tests/userprog/bad-jump2.errors > tests/userprog/bad-jump2.output
perl -I../.. ../../tests/userprog/bad-jump2.ck tests/userprog/bad-jump2 tests/userprog/bad-jump2.result
pass tests/userprog/bad-jump2
gcc -m32 -c ../../tests/filesys/base/lg-create.c -o tests/filesys/base/lg-create.o -g -msoft-float -O -fno-stack-protector -nostdinc -I../.. -I../../lib -I../../lib/user -I. -Wall -W -Wstrict-prototypes -Wmissing-prototypes -Wsystem-headers  -MMD -MF tests/filesys/base/lg-create.d
gcc -m32 -c ../../tests/filesys/seq-test.c -o tests/filesys/seq-test.o -g -msoft-float -O -fno-stack-protector -nostdinc -I../.. -I../../lib -I../../lib/user -I. -Wall -W -Wstrict-prototypes -Wmissing-prototypes -Wsystem-headers  -MMD -MF tests/filesys/seq-test.d
gcc -m32 -nostdlib -static -Wl,-T,../../lib/user/user.lds -Wl,--build-id=none tests/filesys/base/lg-create.o tests/lib.o tests/filesys/seq-test.o tests/main.o lib/user/entry.o libc.a -o tests/filesys/base/lg-create
pintos -v -k -T 60 --qemu  --fs-disk=2 -p tests/filesys/base/lg-create -a lg-create --swap-disk=4 -- -q   -f run lg-create < /dev/null 2> tests/filesys/base/lg-create.errors > tests/filesys/base/lg-create.output
perl -I../.. ../../tests/filesys/base/lg-create.ck tests/filesys/base/lg-create tests/filesys/base/lg-create.result
pass tests/filesys/base/lg-create
gcc -m32 -c ../../tests/filesys/base/lg-full.c -o tests/filesys/base/lg-full.o -g -msoft-float -O -fno-stack-protector -nostdinc -I../.. -I../../lib -I../../lib/user -I. -Wall -W -Wstrict-prototypes -Wmissing-prototypes -Wsystem-headers  -MMD -MF tests/filesys/base/lg-full.d
gcc -m32 -nostdlib -static -Wl,-T,../../lib/user/user.lds -Wl,--build-id=none tests/filesys/base/lg-full.o tests/lib.o tests/filesys/seq-test.o tests/main.o lib/user/entry.o libc.a -o tests/filesys/base/lg-full
pintos -v -k -T 60 --qemu  --fs-disk=2 -p tests/filesys/base/lg-full -a lg-full --swap-disk=4 -- -q   -f run lg-full < /dev/null 2> tests/filesys/base/lg-full.errors > tests/filesys/base/lg-full.output
perl -I../.. ../../tests/filesys/base/lg-full.ck tests/filesys/base/lg-full tests/filesys/base/lg-full.result
pass tests/filesys/base/lg-full
gcc -m32 -c ../../tests/filesys/base/lg-random.c -o tests/filesys/base/lg-random.o -g -msoft-float -O -fno-stack-protector -nostdinc -I../.. -I../../lib -I../../lib/user -I. -Wall -W -Wstrict-prototypes -Wmissing-prototypes -Wsystem-headers  -MMD -MF tests/filesys/base/lg-random.d
gcc -m32 -nostdlib -static -Wl,-T,../../lib/user/user.lds -Wl,--build-id=none tests/filesys/base/lg-random.o tests/lib.o tests/filesys/seq-test.o tests/main.o lib/user/entry.o libc.a -o tests/filesys/base/lg-random
pintos -v -k -T 60 --qemu  --fs-disk=2 -p tests/filesys/base/lg-random -a lg-random --swap-disk=4 -- -q   -f run lg-random < /dev/null 2> tests/filesys/base/lg-random.errors > tests/filesys/base/lg-random.output
perl -I../.. ../../tests/filesys/base/lg-random.ck tests/filesys/base/lg-random tests/filesys/base/lg-random.result
pass tests/filesys/base/lg-random
gcc -m32 -c ../../tests/filesys/base/lg-seq-block.c -o tests/filesys/base/lg-seq-block.o -g -msoft-float -O -fno-stack-protector -nostdinc -I../.. -I../../lib -I../../lib/user -I. -Wall -W -Wstrict-prototypes -Wmissing-prototypes -Wsystem-headers  -MMD -MF tests/filesys/base/lg-seq-block.d
gcc -m32 -nostdlib -static -Wl,-T,../../lib/user/user.lds -Wl,--build-id=none tests/filesys/base/lg-seq-block.o tests/lib.o tests/filesys/seq-test.o tests/main.o lib/user/entry.o libc.a -o tests/filesys/base/lg-seq-block
pintos -v -k -T 60 --qemu  --fs-disk=2 -p tests/filesys/base/lg-seq-block -a lg-seq-block --swap-disk=4 -- -q   -f run lg-seq-block < /dev/null 2> tests/filesys/base/lg-seq-block.errors > tests/filesys/base/lg-seq-block.output
perl -I../.. ../../tests/filesys/base/lg-seq-block.ck tests/filesys/base/lg-seq-block tests/filesys/base/lg-seq-block.result
pass tests/filesys/base/lg-seq-block
gcc -m32 -c ../../tests/filesys/base/lg-seq-random.c -o tests/filesys/base/lg-seq-random.o -g -msoft-float -O -fno-stack-protector -nostdinc -I../.. -I../../lib -I../../lib/user -I. -Wall -W -Wstrict-prototypes -Wmissing-prototypes -Wsystem-headers  -MMD -MF tests/filesys/base/lg-seq-random.d
gcc -m32 -nostdlib -static -Wl,-T,../../lib/user/user.lds -Wl,--build-id=none tests/filesys/base/lg-seq-random.o tests/lib.o tests/filesys/seq-test.o tests/main.o lib/user/entry.o libc.a -o tests/filesys/base/lg-seq-random
pintos -v -k -T 60 --qemu  --fs-disk=2 -p tests/filesys/base/lg-seq-random -a lg-seq-random --swap-disk=4 -- -q   -f run lg-seq-random < /dev/null 2> tests/filesys/base/lg-seq-random.errors > tests/filesys/base/lg-seq-random.output
perl -I../.. ../../tests/filesys/base/lg-seq-random.ck tests/filesys/base/lg-seq-random tests/filesys/base/lg-seq-random.result
pass tests/filesys/base/lg-seq-random
gcc -m32 -c ../../tests/filesys/base/sm-create.c -o tests/filesys/base/sm-create.o -g -msoft-float -O -fno-stack-protector -nostdinc -I../.. -I../../lib -I../../lib/user -I. -Wall -W -Wstrict-prototypes -Wmissing-prototypes -Wsystem-headers  -MMD -MF tests/filesys/base/sm-create.d
gcc -m32 -nostdlib -static -Wl,-T,../../lib/user/user.lds -Wl,--build-id=none tests/filesys/base/sm-create.o tests/lib.o tests/filesys/seq-test.o tests/main.o lib/user/entry.o libc.a -o tests/filesys/base/sm-create
pintos -v -k -T 60 --qemu  --fs-disk=2 -p tests/filesys/base/sm-create -a sm-create --swap-disk=4 -- -q   -f run sm-create < /dev/null 2> tests/filesys/base/sm-create.errors > tests/filesys/base/sm-create.output
perl -I../.. ../../tests/filesys/base/sm-create.ck tests/filesys/base/sm-create tests/filesys/base/sm-create.result
pass tests/filesys/base/sm-create
gcc -m32 -c ../../tests/filesys/base/sm-full.c -o tests/filesys/base/sm-full.o -g -msoft-float -O -fno-stack-protector -nostdinc -I../.. -I../../lib -I../../lib/user -I. -Wall -W -Wstrict-prototypes -Wmissing-prototypes -Wsystem-headers  -MMD -MF tests/filesys/base/sm-full.d
gcc -m32 -nostdlib -static -Wl,-T,../../lib/user/user.lds -Wl,--build-id=none tests/filesys/base/sm-full.o tests/lib.o tests/filesys/seq-test.o tests/main.o lib/user/entry.o libc.a -o tests/filesys/base/sm-full
pintos -v -k -T 60 --qemu  --fs-disk=2 -p tests/filesys/base/sm-full -a sm-full --swap-disk=4 -- -q   -f run sm-full < /dev/null 2> tests/filesys/base/sm-full.errors > tests/filesys/base/sm-full.output
perl -I../.. ../../tests/filesys/base/sm-full.ck tests/filesys/base/sm-full tests/filesys/base/sm-full.result
pass tests/filesys/base/sm-full
gcc -m32 -c ../../tests/filesys/base/sm-random.c -o tests/filesys/base/sm-random.o -g -msoft-float -O -fno-stack-protector -nostdinc -I../.. -I../../lib -I../../lib/user -I. -Wall -W -Wstrict-prototypes -Wmissing-prototypes -Wsystem-headers  -MMD -MF tests/filesys/base/sm-random.d
gcc -m32 -nostdlib -static -Wl,-T,../../lib/user/user.lds -Wl,--build-id=none tests/filesys/base/sm-random.o tests/lib.o tests/filesys/seq-test.o tests/main.o lib/user/entry.o libc.a -o tests/filesys/base/sm-random
pintos -v -k -T 60 --qemu  --fs-disk=2 -p tests/filesys/base/sm-random -a sm-random --swap-disk=4 -- -q   -f run sm-random < /dev/null 2> tests/filesys/base/sm-random.errors > tests/filesys/base/sm-random.output
perl -I../.. ../../tests/filesys/base/sm-random.ck tests/filesys/base/sm-random tests/filesys/base/sm-random.result
pass tests/filesys/base/sm-random
gcc -m32 -c ../../tests/filesys/base/sm-seq-block.c -o tests/filesys/base/sm-seq-block.o -g -msoft-float -O -fno-stack-protector -nostdinc -I../.. -I../../lib -I../../lib/user -I. -Wall -W -Wstrict-prototypes -Wmissing-prototypes -Wsystem-headers  -MMD -MF tests/filesys/base/sm-seq-block.d
gcc -m32 -nostdlib -static -Wl,-T,../../lib/user/user.lds -Wl,--build-id=none tests/filesys/base/sm-seq-block.o tests/lib.o tests/filesys/seq-test.o tests/main.o lib/user/entry.o libc.a -o tests/filesys/base/sm-seq-block
pintos -v -k -T 60 --qemu  --fs-disk=2 -p tests/filesys/base/sm-seq-block -a sm-seq-block --swap-disk=4 -- -q   -f run sm-seq-block < /dev/null 2> tests/filesys/base/sm-seq-block.errors > tests/filesys/base/sm-seq-block.output
perl -I../.. ../../tests/filesys/base/sm-seq-block.ck tests/filesys/base/sm-seq-block tests/filesys/base/sm-seq-block.result
pass tests/filesys/base/sm-seq-block
gcc -m32 -c ../../tests/filesys/base/sm-seq-random.c -o tests/filesys/base/sm-seq-random.o -g -msoft-float -O -fno-stack-protector -nostdinc -I../.. -I../../lib -I../../lib/user -I. -Wall -W -Wstrict-prototypes -Wmissing-prototypes -Wsystem-headers  -MMD -MF tests/filesys/base/sm-seq-random.d
gcc -m32 -nostdlib -static -Wl,-T,../../lib/user/user.lds -Wl,--build-id=none tests/filesys/base/sm-seq-random.o tests/lib.o tests/filesys/seq-test.o tests/main.o lib/user/entry.o libc.a -o tests/filesys/base/sm-seq-random
pintos -v -k -T 60 --qemu  --fs-disk=2 -p tests/filesys/base/sm-seq-random -a sm-seq-random --swap-disk=4 -- -q   -f run sm-seq-random < /dev/null 2> tests/filesys/base/sm-seq-random.errors > tests/filesys/base/sm-seq-random.output
perl -I../.. ../../tests/filesys/base/sm-seq-random.ck tests/filesys/base/sm-seq-random tests/filesys/base/sm-seq-random.result
pass tests/filesys/base/sm-seq-random
gcc -m32 -c ../../tests/filesys/base/syn-read.c -o tests/filesys/base/syn-read.o -g -msoft-float -O -fno-stack-protector -nostdinc -I../.. -I../../lib -I../../lib/user -I. -Wall -W -Wstrict-prototypes -Wmissing-prototypes -Wsystem-headers  -MMD -MF tests/filesys/base/syn-read.d
gcc -m32 -nostdlib -static -Wl,-T,../../lib/user/user.lds -Wl,--build-id=none tests/filesys/base/syn-read.o tests/lib.o tests/filesys/seq-test.o tests/main.o lib/user/entry.o libc.a -o tests/filesys/base/syn-read
gcc -m32 -c ../../tests/filesys/base/child-syn-read.c -o tests/filesys/base/child-syn-read.o -g -msoft-float -O -fno-stack-protector -nostdinc -I../.. -I../../lib -I../../lib/user -I. -Wall -W -Wstrict-prototypes -Wmissing-prototypes -Wsystem-headers  -MMD -MF tests/filesys/base/child-syn-read.d
gcc -m32 -nostdlib -static -Wl,-T,../../lib/user/user.lds -Wl,--build-id=none tests/filesys/base/child-syn-read.o tests/lib.o tests/filesys/seq-test.o lib/user/entry.o libc.a -o tests/filesys/base/child-syn-read
pintos -v -k -T 300 --qemu  --fs-disk=2 -p tests/filesys/base/syn-read -a syn-read -p tests/filesys/base/child-syn-read -a child-syn-read --swap-disk=4 -- -q   -f run syn-read < /dev/null 2> tests/filesys/base/syn-read.errors > tests/filesys/base/syn-read.output
perl -I../.. ../../tests/filesys/base/syn-read.ck tests/filesys/base/syn-read tests/filesys/base/syn-read.result
pass tests/filesys/base/syn-read
gcc -m32 -c ../../tests/filesys/base/syn-remove.c -o tests/filesys/base/syn-remove.o -g -msoft-float -O -fno-stack-protector -nostdinc -I../.. -I../../lib -I../../lib/user -I. -Wall -W -Wstrict-prototypes -Wmissing-prototypes -Wsystem-headers  -MMD -MF tests/filesys/base/syn-remove.d
gcc -m32 -nostdlib -static -Wl,-T,../../lib/user/user.lds -Wl,--build-id=none tests/filesys/base/syn-remove.o tests/lib.o tests/filesys/seq-test.o tests/main.o lib/user/entry.o libc.a -o tests/filesys/base/syn-remove
pintos -v -k -T 60 --qemu  --fs-disk=2 -p tests/filesys/base/syn-remove -a syn-remove --swap-disk=4 -- -q   -f run syn-remove < /dev/null 2> tests/filesys/base/syn-remove.errors > tests/filesys/base/syn-remove.output
perl -I../.. ../../tests/filesys/base/syn-remove.ck tests/filesys/base/syn-remove tests/filesys/base/syn-remove.result
pass tests/filesys/base/syn-remove
gcc -m32 -c ../../tests/filesys/base/syn-write.c -o tests/filesys/base/syn-write.o -g -msoft-float -O -fno-stack-protector -nostdinc -I../.. -I../../lib -I../../lib/user -I. -Wall -W -Wstrict-prototypes -Wmissing-prototypes -Wsystem-headers  -MMD -MF tests/filesys/base/syn-write.d
gcc -m32 -nostdlib -static -Wl,-T,../../lib/user/user.lds -Wl,--build-id=none tests/filesys/base/syn-write.o tests/lib.o tests/filesys/seq-test.o tests/main.o lib/user/entry.o libc.a -o tests/filesys/base/syn-write
gcc -m32 -c ../../tests/filesys/base/child-syn-wrt.c -o tests/filesys/base/child-syn-wrt.o -g -msoft-float -O -fno-stack-protector -nostdinc -I../.. -I../../lib -I../../lib/user -I. -Wall -W -Wstrict-prototypes -Wmissing-prototypes -Wsystem-headers  -MMD -MF tests/filesys/base/child-syn-wrt.d
gcc -m32 -nostdlib -static -Wl,-T,../../lib/user/user.lds -Wl,--build-id=none tests/filesys/base/child-syn-wrt.o tests/lib.o tests/filesys/seq-test.o lib/user/entry.o libc.a -o tests/filesys/base/child-syn-wrt
pintos -v -k -T 60 --qemu  --fs-disk=2 -p tests/filesys/base/syn-write -a syn-write -p tests/filesys/base/child-syn-wrt -a child-syn-wrt --swap-disk=4 -- -q   -f run syn-write < /dev/null 2> tests/filesys/base/syn-write.errors > tests/filesys/base/syn-write.output
perl -I../.. ../../tests/filesys/base/syn-write.ck tests/filesys/base/syn-write tests/filesys/base/syn-write.result
pass tests/filesys/base/syn-write
gcc -m32 -c ../../tests/filesys/extended/dir-empty-name.c -o tests/filesys/extended/dir-empty-name.o -g -msoft-float -O -fno-stack-protector -nostdinc -I../.. -I../../lib -I../../lib/user -I. -Wall -W -Wstrict-prototypes -Wmissing-prototypes -Wsystem-headers  -MMD -MF tests/filesys/extended/dir-empty-name.d
gcc -m32 -nostdlib -static -Wl,-T,../../lib/user/user.lds -Wl,--build-id=none tests/filesys/extended/dir-empty-name.o tests/lib.o tests/filesys/seq-test.o tests/main.o lib/user/entry.o libc.a -o tests/filesys/extended/dir-empty-name
gcc -m32 -c ../../tests/filesys/extended/tar.c -o tests/filesys/extended/tar.o -g -msoft-float -O -fno-stack-protector -nostdinc -I../.. -I../../lib -I../../lib/user -I. -Wall -W -Wstrict-prototypes -Wmissing-prototypes -Wsystem-headers  -MMD -MF tests/filesys/extended/tar.d
gcc -m32 -nostdlib -static -Wl,-T,../../lib/user/user.lds -Wl,--build-id=none tests/filesys/extended/tar.o tests/lib.o tests/filesys/seq-test.o lib/user/entry.o libc.a -o tests/filesys/extended/tar
rm -f tmp.dsk
pintos-mkdisk tmp.dsk 2
pintos -v -k -T 60 --qemu  --fs-disk=tmp.dsk -p tests/filesys/extended/dir-empty-name -a dir-empty-name -p tests/filesys/extended/tar -a tar --swap-disk=4 -- -q   -f run dir-empty-name < /dev/null 2> tests/filesys/extended/dir-empty-name.errors > tests/filesys/extended/dir-empty-name.output
pintos -v -k -T 60  --qemu --fs-disk=tmp.dsk -g fs.tar -a tests/filesys/extended/dir-empty-name.tar --swap-disk=4 -- -q  run 'tar fs.tar /' < /dev/null 2> tests/filesys/extended/dir-empty-name-persistence.errors > tests/filesys/extended/dir-empty-name-persistence.output
rm -f tmp.dsk
perl -I../.. ../../tests/filesys/extended/dir-empty-name.ck tests/filesys/extended/dir-empty-name tests/filesys/extended/dir-empty-name.result
FAIL tests/filesys/extended/dir-empty-name
run: mkdir "" (must return false): FAILED
gcc -m32 -c ../../tests/filesys/extended/dir-mk-tree.c -o tests/filesys/extended/dir-mk-tree.o -g -msoft-float -O -fno-stack-protector -nostdinc -I../.. -I../../lib -I../../lib/user -I. -Wall -W -Wstrict-prototypes -Wmissing-prototypes -Wsystem-headers  -MMD -MF tests/filesys/extended/dir-mk-tree.d
gcc -m32 -c ../../tests/filesys/extended/mk-tree.c -o tests/filesys/extended/mk-tree.o -g -msoft-float -O -fno-stack-protector -nostdinc -I../.. -I../../lib -I../../lib/user -I. -Wall -W -Wstrict-prototypes -Wmissing-prototypes -Wsystem-headers  -MMD -MF tests/filesys/extended/mk-tree.d
gcc -m32 -nostdlib -static -Wl,-T,../../lib/user/user.lds -Wl,--build-id=none tests/filesys/extended/dir-mk-tree.o tests/lib.o tests/filesys/seq-test.o tests/main.o tests/filesys/extended/mk-tree.o lib/user/entry.o libc.a -o tests/filesys/extended/dir-mk-tree
rm -f tmp.dsk
pintos-mkdisk tmp.dsk 2
pintos -v -k -T 60 --qemu  --fs-disk=tmp.dsk -p tests/filesys/extended/dir-mk-tree -a dir-mk-tree -p tests/filesys/extended/tar -a tar --swap-disk=4 -- -q   -f run dir-mk-tree < /dev/null 2> tests/filesys/extended/dir-mk-tree.errors > tests/filesys/extended/dir-mk-tree.output
pintos -v -k -T 60  --qemu --fs-disk=tmp.dsk -g fs.tar -a tests/filesys/extended/dir-mk-tree.tar --swap-disk=4 -- -q  run 'tar fs.tar /' < /dev/null 2> tests/filesys/extended/dir-mk-tree-persistence.errors > tests/filesys/extended/dir-mk-tree-persistence.output
rm -f tmp.dsk
perl -I../.. ../../tests/filesys/extended/dir-mk-tree.ck tests/filesys/extended/dir-mk-tree tests/filesys/extended/dir-mk-tree.result
FAIL tests/filesys/extended/dir-mk-tree
run: create "/0/2/1/2": FAILED
gcc -m32 -c ../../tests/filesys/extended/dir-mkdir.c -o tests/filesys/extended/dir-mkdir.o -g -msoft-float -O -fno-stack-protector -nostdinc -I../.. -I../../lib -I../../lib/user -I. -Wall -W -Wstrict-prototypes -Wmissing-prototypes -Wsystem-headers  -MMD -MF tests/filesys/extended/dir-mkdir.d
gcc -m32 -nostdlib -static -Wl,-T,../../lib/user/user.lds -Wl,--build-id=none tests/filesys/extended/dir-mkdir.o tests/lib.o tests/filesys/seq-test.o tests/main.o lib/user/entry.o libc.a -o tests/filesys/extended/dir-mkdir
rm -f tmp.dsk
pintos-mkdisk tmp.dsk 2
pintos -v -k -T 60 --qemu  --fs-disk=tmp.dsk -p tests/filesys/extended/dir-mkdir -a dir-mkdir -p tests/filesys/extended/tar -a tar --swap-disk=4 -- -q   -f run dir-mkdir < /dev/null 2> tests/filesys/extended/dir-mkdir.errors > tests/filesys/extended/dir-mkdir.output
pintos -v -k -T 60  --qemu --fs-disk=tmp.dsk -g fs.tar -a tests/filesys/extended/dir-mkdir.tar --swap-disk=4 -- -q  run 'tar fs.tar /' < /dev/null 2> tests/filesys/extended/dir-mkdir-persistence.errors > tests/filesys/extended/dir-mkdir-persistence.output
rm -f tmp.dsk
perl -I../.. ../../tests/filesys/extended/dir-mkdir.ck tests/filesys/extended/dir-mkdir tests/filesys/extended/dir-mkdir.result
FAIL tests/filesys/extended/dir-mkdir
run: open "b": FAILED
gcc -m32 -c ../../tests/filesys/extended/dir-open.c -o tests/filesys/extended/dir-open.o -g -msoft-float -O -fno-stack-protector -nostdinc -I../.. -I../../lib -I../../lib/user -I. -Wall -W -Wstrict-prototypes -Wmissing-prototypes -Wsystem-headers  -MMD -MF tests/filesys/extended/dir-open.d
gcc -m32 -nostdlib -static -Wl,-T,../../lib/user/user.lds -Wl,--build-id=none tests/filesys/extended/dir-open.o tests/lib.o tests/filesys/seq-test.o tests/main.o lib/user/entry.o libc.a -o tests/filesys/extended/dir-open
rm -f tmp.dsk
pintos-mkdisk tmp.dsk 2
pintos -v -k -T 60 --qemu  --fs-disk=tmp.dsk -p tests/filesys/extended/dir-open -a dir-open -p tests/filesys/extended/tar -a tar --swap-disk=4 -- -q   -f run dir-open < /dev/null 2> tests/filesys/extended/dir-open.errors > tests/filesys/extended/dir-open.output
pintos -v -k -T 60  --qemu --fs-disk=tmp.dsk -g fs.tar -a tests/filesys/extended/dir-open.tar --swap-disk=4 -- -q  run 'tar fs.tar /' < /dev/null 2> tests/filesys/extended/dir-open-persistence.errors > tests/filesys/extended/dir-open-persistence.output
rm -f tmp.dsk
perl -I../.. ../../tests/filesys/extended/dir-open.ck tests/filesys/extended/dir-open tests/filesys/extended/dir-open.result
FAIL tests/filesys/extended/dir-open
run: open "xyzzy": FAILED
gcc -m32 -c ../../tests/filesys/extended/dir-over-file.c -o tests/filesys/extended/dir-over-file.o -g -msoft-float -O -fno-stack-protector -nostdinc -I../.. -I../../lib -I../../lib/user -I. -Wall -W -Wstrict-prototypes -Wmissing-prototypes -Wsystem-headers  -MMD -MF tests/filesys/extended/dir-over-file.d
gcc -m32 -nostdlib -static -Wl,-T,../../lib/user/user.lds -Wl,--build-id=none tests/filesys/extended/dir-over-file.o tests/lib.o tests/filesys/seq-test.o tests/main.o lib/user/entry.o libc.a -o tests/filesys/extended/dir-over-file
rm -f tmp.dsk
pintos-mkdisk tmp.dsk 2
pintos -v -k -T 60 --qemu  --fs-disk=tmp.dsk -p tests/filesys/extended/dir-over-file -a dir-over-file -p tests/filesys/extended/tar -a tar --swap-disk=4 -- -q   -f run dir-over-file < /dev/null 2> tests/filesys/extended/dir-over-file.errors > tests/filesys/extended/dir-over-file.output
pintos -v -k -T 60  --qemu --fs-disk=tmp.dsk -g fs.tar -a tests/filesys/extended/dir-over-file.tar --swap-disk=4 -- -q  run 'tar fs.tar /' < /dev/null 2> tests/filesys/extended/dir-over-file-persistence.errors > tests/filesys/extended/dir-over-file-persistence.output
rm -f tmp.dsk
perl -I../.. ../../tests/filesys/extended/dir-over-file.ck tests/filesys/extended/dir-over-file tests/filesys/extended/dir-over-file.result
FAIL tests/filesys/extended/dir-over-file
run: create "abc" (must return false): FAILED
gcc -m32 -c ../../tests/filesys/extended/dir-rm-cwd.c -o tests/filesys/extended/dir-rm-cwd.o -g -msoft-float -O -fno-stack-protector -nostdinc -I../.. -I../../lib -I../../lib/user -I. -Wall -W -Wstrict-prototypes -Wmissing-prototypes -Wsystem-headers  -MMD -MF tests/filesys/extended/dir-rm-cwd.d
gcc -m32 -nostdlib -static -Wl,-T,../../lib/user/user.lds -Wl,--build-id=none tests/filesys/extended/dir-rm-cwd.o tests/lib.o tests/filesys/seq-test.o tests/main.o lib/user/entry.o libc.a -o tests/filesys/extended/dir-rm-cwd
rm -f tmp.dsk
pintos-mkdisk tmp.dsk 2
pintos -v -k -T 60 --qemu  --fs-disk=tmp.dsk -p tests/filesys/extended/dir-rm-cwd -a dir-rm-cwd -p tests/filesys/extended/tar -a tar --swap-disk=4 -- -q   -f run dir-rm-cwd < /dev/null 2> tests/filesys/extended/dir-rm-cwd.errors > tests/filesys/extended/dir-rm-cwd.output
pintos -v -k -T 60  --qemu --fs-disk=tmp.dsk -g fs.tar -a tests/filesys/extended/dir-rm-cwd.tar --swap-disk=4 -- -q  run 'tar fs.tar /' < /dev/null 2> tests/filesys/extended/dir-rm-cwd-persistence.errors > tests/filesys/extended/dir-rm-cwd-persistence.output
rm -f tmp.dsk
perl -I../.. ../../tests/filesys/extended/dir-rm-cwd.ck tests/filesys/extended/dir-rm-cwd tests/filesys/extended/dir-rm-cwd.result
FAIL tests/filesys/extended/dir-rm-cwd
run: open "/": FAILED
gcc -m32 -c ../../tests/filesys/extended/dir-rm-parent.c -o tests/filesys/extended/dir-rm-parent.o -g -msoft-float -O -fno-stack-protector -nostdinc -I../.. -I../../lib -I../../lib/user -I. -Wall -W -Wstrict-prototypes -Wmissing-prototypes -Wsystem-headers  -MMD -MF tests/filesys/extended/dir-rm-parent.d
gcc -m32 -nostdlib -static -Wl,-T,../../lib/user/user.lds -Wl,--build-id=none tests/filesys/extended/dir-rm-parent.o tests/lib.o tests/filesys/seq-test.o tests/main.o lib/user/entry.o libc.a -o tests/filesys/extended/dir-rm-parent
rm -f tmp.dsk
pintos-mkdisk tmp.dsk 2
pintos -v -k -T 60 --qemu  --fs-disk=tmp.dsk -p tests/filesys/extended/dir-rm-parent -a dir-rm-parent -p tests/filesys/extended/tar -a tar --swap-disk=4 -- -q   -f run dir-rm-parent < /dev/null 2> tests/filesys/extended/dir-rm-parent.errors > tests/filesys/extended/dir-rm-parent.output
pintos -v -k -T 60  --qemu --fs-disk=tmp.dsk -g fs.tar -a tests/filesys/extended/dir-rm-parent.tar --swap-disk=4 -- -q  run 'tar fs.tar /' < /dev/null 2> tests/filesys/extended/dir-rm-parent-persistence.errors > tests/filesys/extended/dir-rm-parent-persistence.output
rm -f tmp.dsk
perl -I../.. ../../tests/filesys/extended/dir-rm-parent.ck tests/filesys/extended/dir-rm-parent tests/filesys/extended/dir-rm-parent.result
FAIL tests/filesys/extended/dir-rm-parent
Test output failed to match any acceptable form.

Acceptable output:
  (dir-rm-parent) begin
  (dir-rm-parent) mkdir "a"
  (dir-rm-parent) chdir "a"
  (dir-rm-parent) mkdir "b"
  (dir-rm-parent) chdir "b"
  (dir-rm-parent) remove "/a" (must fail)
  (dir-rm-parent) end
Differences in `diff -u' format:
  (dir-rm-parent) begin
  (dir-rm-parent) mkdir "a"
+ unknown system call! 
  (dir-rm-parent) chdir "a"
+ unknown system call! 
  (dir-rm-parent) mkdir "b"
+ unknown system call! 
  (dir-rm-parent) chdir "b"
+ unknown system call! 
  (dir-rm-parent) remove "/a" (must fail)
  (dir-rm-parent) end

(Process exit codes are excluded for matching purposes.)
gcc -m32 -c ../../tests/filesys/extended/dir-rm-root.c -o tests/filesys/extended/dir-rm-root.o -g -msoft-float -O -fno-stack-protector -nostdinc -I../.. -I../../lib -I../../lib/user -I. -Wall -W -Wstrict-prototypes -Wmissing-prototypes -Wsystem-headers  -MMD -MF tests/filesys/extended/dir-rm-root.d
gcc -m32 -nostdlib -static -Wl,-T,../../lib/user/user.lds -Wl,--build-id=none tests/filesys/extended/dir-rm-root.o tests/lib.o tests/filesys/seq-test.o tests/main.o lib/user/entry.o libc.a -o tests/filesys/extended/dir-rm-root
rm -f tmp.dsk
pintos-mkdisk tmp.dsk 2
pintos -v -k -T 60 --qemu  --fs-disk=tmp.dsk -p tests/filesys/extended/dir-rm-root -a dir-rm-root -p tests/filesys/extended/tar -a tar --swap-disk=4 -- -q   -f run dir-rm-root < /dev/null 2> tests/filesys/extended/dir-rm-root.errors > tests/filesys/extended/dir-rm-root.output
pintos -v -k -T 60  --qemu --fs-disk=tmp.dsk -g fs.tar -a tests/filesys/extended/dir-rm-root.tar --swap-disk=4 -- -q  run 'tar fs.tar /' < /dev/null 2> tests/filesys/extended/dir-rm-root-persistence.errors > tests/filesys/extended/dir-rm-root-persistence.output
rm -f tmp.dsk
perl -I../.. ../../tests/filesys/extended/dir-rm-root.ck tests/filesys/extended/dir-rm-root tests/filesys/extended/dir-rm-root.result
pass tests/filesys/extended/dir-rm-root
gcc -m32 -c ../../tests/filesys/extended/dir-rm-tree.c -o tests/filesys/extended/dir-rm-tree.o -g -msoft-float -O -fno-stack-protector -nostdinc -I../.. -I../../lib -I../../lib/user -I. -Wall -W -Wstrict-prototypes -Wmissing-prototypes -Wsystem-headers  -MMD -MF tests/filesys/extended/dir-rm-tree.d
gcc -m32 -nostdlib -static -Wl,-T,../../lib/user/user.lds -Wl,--build-id=none tests/filesys/extended/dir-rm-tree.o tests/lib.o tests/filesys/seq-test.o tests/main.o tests/filesys/extended/mk-tree.o lib/user/entry.o libc.a -o tests/filesys/extended/dir-rm-tree
rm -f tmp.dsk
pintos-mkdisk tmp.dsk 2
pintos -v -k -T 60 --qemu  --fs-disk=tmp.dsk -p tests/filesys/extended/dir-rm-tree -a dir-rm-tree -p tests/filesys/extended/tar -a tar --swap-disk=4 -- -q   -f run dir-rm-tree < /dev/null 2> tests/filesys/extended/dir-rm-tree.errors > tests/filesys/extended/dir-rm-tree.output
pintos -v -k -T 60  --qemu --fs-disk=tmp.dsk -g fs.tar -a tests/filesys/extended/dir-rm-tree.tar --swap-disk=4 -- -q  run 'tar fs.tar /' < /dev/null 2> tests/filesys/extended/dir-rm-tree-persistence.errors > tests/filesys/extended/dir-rm-tree-persistence.output
rm -f tmp.dsk
perl -I../.. ../../tests/filesys/extended/dir-rm-tree.ck tests/filesys/extended/dir-rm-tree tests/filesys/extended/dir-rm-tree.result
FAIL tests/filesys/extended/dir-rm-tree
run: create "/0/2/1/2": FAILED
gcc -m32 -c ../../tests/filesys/extended/dir-rmdir.c -o tests/filesys/extended/dir-rmdir.o -g -msoft-float -O -fno-stack-protector -nostdinc -I../.. -I../../lib -I../../lib/user -I. -Wall -W -Wstrict-prototypes -Wmissing-prototypes -Wsystem-headers  -MMD -MF tests/filesys/extended/dir-rmdir.d
gcc -m32 -nostdlib -static -Wl,-T,../../lib/user/user.lds -Wl,--build-id=none tests/filesys/extended/dir-rmdir.o tests/lib.o tests/filesys/seq-test.o tests/main.o lib/user/entry.o libc.a -o tests/filesys/extended/dir-rmdir
rm -f tmp.dsk
pintos-mkdisk tmp.dsk 2
pintos -v -k -T 60 --qemu  --fs-disk=tmp.dsk -p tests/filesys/extended/dir-rmdir -a dir-rmdir -p tests/filesys/extended/tar -a tar --swap-disk=4 -- -q   -f run dir-rmdir < /dev/null 2> tests/filesys/extended/dir-rmdir.errors > tests/filesys/extended/dir-rmdir.output
pintos -v -k -T 60  --qemu --fs-disk=tmp.dsk -g fs.tar -a tests/filesys/extended/dir-rmdir.tar --swap-disk=4 -- -q  run 'tar fs.tar /' < /dev/null 2> tests/filesys/extended/dir-rmdir-persistence.errors > tests/filesys/extended/dir-rmdir-persistence.output
rm -f tmp.dsk
perl -I../.. ../../tests/filesys/extended/dir-rmdir.ck tests/filesys/extended/dir-rmdir tests/filesys/extended/dir-rmdir.result
FAIL tests/filesys/extended/dir-rmdir
run: rmdir "a": FAILED
gcc -m32 -c ../../tests/filesys/extended/dir-under-file.c -o tests/filesys/extended/dir-under-file.o -g -msoft-float -O -fno-stack-protector -nostdinc -I../.. -I../../lib -I../../lib/user -I. -Wall -W -Wstrict-prototypes -Wmissing-prototypes -Wsystem-headers  -MMD -MF tests/filesys/extended/dir-under-file.d
gcc -m32 -nostdlib -static -Wl,-T,../../lib/user/user.lds -Wl,--build-id=none tests/filesys/extended/dir-under-file.o tests/lib.o tests/filesys/seq-test.o tests/main.o lib/user/entry.o libc.a -o tests/filesys/extended/dir-under-file
rm -f tmp.dsk
pintos-mkdisk tmp.dsk 2
pintos -v -k -T 60 --qemu  --fs-disk=tmp.dsk -p tests/filesys/extended/dir-under-file -a dir-under-file -p tests/filesys/extended/tar -a tar --swap-disk=4 -- -q   -f run dir-under-file < /dev/null 2> tests/filesys/extended/dir-under-file.errors > tests/filesys/extended/dir-under-file.output
pintos -v -k -T 60  --qemu --fs-disk=tmp.dsk -g fs.tar -a tests/filesys/extended/dir-under-file.tar --swap-disk=4 -- -q  run 'tar fs.tar /' < /dev/null 2> tests/filesys/extended/dir-under-file-persistence.errors > tests/filesys/extended/dir-under-file-persistence.output
rm -f tmp.dsk
perl -I../.. ../../tests/filesys/extended/dir-under-file.ck tests/filesys/extended/dir-under-file tests/filesys/extended/dir-under-file.result
FAIL tests/filesys/extended/dir-under-file
run: mkdir "abc" (must return false): FAILED
gcc -m32 -c ../../tests/filesys/extended/dir-vine.c -o tests/filesys/extended/dir-vine.o -g -msoft-float -O -fno-stack-protector -nostdinc -I../.. -I../../lib -I../../lib/user -I. -Wall -W -Wstrict-prototypes -Wmissing-prototypes -Wsystem-headers  -MMD -MF tests/filesys/extended/dir-vine.d
gcc -m32 -nostdlib -static -Wl,-T,../../lib/user/user.lds -Wl,--build-id=none tests/filesys/extended/dir-vine.o tests/lib.o tests/filesys/seq-test.o tests/main.o lib/user/entry.o libc.a -o tests/filesys/extended/dir-vine
rm -f tmp.dsk
pintos-mkdisk tmp.dsk 2
pintos -v -k -T 150 --qemu  --fs-disk=tmp.dsk -p tests/filesys/extended/dir-vine -a dir-vine -p tests/filesys/extended/tar -a tar --swap-disk=4 -- -q   -f run dir-vine < /dev/null 2> tests/filesys/extended/dir-vine.errors > tests/filesys/extended/dir-vine.output
pintos -v -k -T 60  --qemu --fs-disk=tmp.dsk -g fs.tar -a tests/filesys/extended/dir-vine.tar --swap-disk=4 -- -q  run 'tar fs.tar /' < /dev/null 2> tests/filesys/extended/dir-vine-persistence.errors > tests/filesys/extended/dir-vine-persistence.output
rm -f tmp.dsk
perl -I../.. ../../tests/filesys/extended/dir-vine.ck tests/filesys/extended/dir-vine tests/filesys/extended/dir-vine.result
FAIL tests/filesys/extended/dir-vine
run: open ".": FAILED
gcc -m32 -c ../../tests/filesys/extended/grow-create.c -o tests/filesys/extended/grow-create.o -g -msoft-float -O -fno-stack-protector -nostdinc -I../.. -I../../lib -I../../lib/user -I. -Wall -W -Wstrict-prototypes -Wmissing-prototypes -Wsystem-headers  -MMD -MF tests/filesys/extended/grow-create.d
gcc -m32 -nostdlib -static -Wl,-T,../../lib/user/user.lds -Wl,--build-id=none tests/filesys/extended/grow-create.o tests/lib.o tests/filesys/seq-test.o tests/main.o lib/user/entry.o libc.a -o tests/filesys/extended/grow-create
rm -f tmp.dsk
pintos-mkdisk tmp.dsk 2
pintos -v -k -T 60 --qemu  --fs-disk=tmp.dsk -p tests/filesys/extended/grow-create -a grow-create -p tests/filesys/extended/tar -a tar --swap-disk=4 -- -q   -f run grow-create < /dev/null 2> tests/filesys/extended/grow-create.errors > tests/filesys/extended/grow-create.output
pintos -v -k -T 60  --qemu --fs-disk=tmp.dsk -g fs.tar -a tests/filesys/extended/grow-create.tar --swap-disk=4 -- -q  run 'tar fs.tar /' < /dev/null 2> tests/filesys/extended/grow-create-persistence.errors > tests/filesys/extended/grow-create-persistence.output
rm -f tmp.dsk
perl -I../.. ../../tests/filesys/extended/grow-create.ck tests/filesys/extended/grow-create tests/filesys/extended/grow-create.result
pass tests/filesys/extended/grow-create
gcc -m32 -c ../../tests/filesys/extended/grow-dir-lg.c -o tests/filesys/extended/grow-dir-lg.o -g -msoft-float -O -fno-stack-protector -nostdinc -I../.. -I../../lib -I../../lib/user -I. -Wall -W -Wstrict-prototypes -Wmissing-prototypes -Wsystem-headers  -MMD -MF tests/filesys/extended/grow-dir-lg.d
gcc -m32 -nostdlib -static -Wl,-T,../../lib/user/user.lds -Wl,--build-id=none tests/filesys/extended/grow-dir-lg.o tests/lib.o tests/filesys/seq-test.o tests/main.o lib/user/entry.o libc.a -o tests/filesys/extended/grow-dir-lg
rm -f tmp.dsk
pintos-mkdisk tmp.dsk 2
pintos -v -k -T 60 --qemu  --fs-disk=tmp.dsk -p tests/filesys/extended/grow-dir-lg -a grow-dir-lg -p tests/filesys/extended/tar -a tar --swap-disk=4 -- -q   -f run grow-dir-lg < /dev/null 2> tests/filesys/extended/grow-dir-lg.errors > tests/filesys/extended/grow-dir-lg.output
pintos -v -k -T 60  --qemu --fs-disk=tmp.dsk -g fs.tar -a tests/filesys/extended/grow-dir-lg.tar --swap-disk=4 -- -q  run 'tar fs.tar /' < /dev/null 2> tests/filesys/extended/grow-dir-lg-persistence.errors > tests/filesys/extended/grow-dir-lg-persistence.output
rm -f tmp.dsk
perl -I../.. ../../tests/filesys/extended/grow-dir-lg.ck tests/filesys/extended/grow-dir-lg tests/filesys/extended/grow-dir-lg.result
FAIL tests/filesys/extended/grow-dir-lg
Test output failed to match any acceptable form.

Acceptable output:
  (grow-dir-lg) begin
  (grow-dir-lg) mkdir /x
  (grow-dir-lg) creating and checking "/x/file0"
  (grow-dir-lg) creating and checking "/x/file1"
  (grow-dir-lg) creating and checking "/x/file2"
  (grow-dir-lg) creating and checking "/x/file3"
  (grow-dir-lg) creating and checking "/x/file4"
  (grow-dir-lg) creating and checking "/x/file5"
  (grow-dir-lg) creating and checking "/x/file6"
  (grow-dir-lg) creating and checking "/x/file7"
  (grow-dir-lg) creating and checking "/x/file8"
  (grow-dir-lg) creating and checking "/x/file9"
  (grow-dir-lg) creating and checking "/x/file10"
  (grow-dir-lg) creating and checking "/x/file11"
  (grow-dir-lg) creating and checking "/x/file12"
  (grow-dir-lg) creating and checking "/x/file13"
  (grow-dir-lg) creating and checking "/x/file14"
  (grow-dir-lg) creating and checking "/x/file15"
  (grow-dir-lg) creating and checking "/x/file16"
  (grow-dir-lg) creating and checking "/x/file17"
  (grow-dir-lg) creating and checking "/x/file18"
  (grow-dir-lg) creating and checking "/x/file19"
  (grow-dir-lg) creating and checking "/x/file20"
  (grow-dir-lg) creating and checking "/x/file21"
  (grow-dir-lg) creating and checking "/x/file22"
  (grow-dir-lg) creating and checking "/x/file23"
  (grow-dir-lg) creating and checking "/x/file24"
  (grow-dir-lg) creating and checking "/x/file25"
  (grow-dir-lg) creating and checking "/x/file26"
  (grow-dir-lg) creating and checking "/x/file27"
  (grow-dir-lg) creating and checking "/x/file28"
  (grow-dir-lg) creating and checking "/x/file29"
  (grow-dir-lg) creating and checking "/x/file30"
  (grow-dir-lg) creating and checking "/x/file31"
  (grow-dir-lg) creating and checking "/x/file32"
  (grow-dir-lg) creating and checking "/x/file33"
  (grow-dir-lg) creating and checking "/x/file34"
  (grow-dir-lg) creating and checking "/x/file35"
  (grow-dir-lg) creating and checking "/x/file36"
  (grow-dir-lg) creating and checking "/x/file37"
  (grow-dir-lg) creating and checking "/x/file38"
  (grow-dir-lg) creating and checking "/x/file39"
  (grow-dir-lg) creating and checking "/x/file40"
  (grow-dir-lg) creating and checking "/x/file41"
  (grow-dir-lg) creating and checking "/x/file42"
  (grow-dir-lg) creating and checking "/x/file43"
  (grow-dir-lg) creating and checking "/x/file44"
  (grow-dir-lg) creating and checking "/x/file45"
  (grow-dir-lg) creating and checking "/x/file46"
  (grow-dir-lg) creating and checking "/x/file47"
  (grow-dir-lg) creating and checking "/x/file48"
  (grow-dir-lg) creating and checking "/x/file49"
  (grow-dir-lg) end
Differences in `diff -u' format:
  (grow-dir-lg) begin
  (grow-dir-lg) mkdir /x
+ unknown system call! 
  (grow-dir-lg) creating and checking "/x/file0"
  (grow-dir-lg) creating and checking "/x/file1"
  (grow-dir-lg) creating and checking "/x/file2"
  (grow-dir-lg) creating and checking "/x/file3"
  (grow-dir-lg) creating and checking "/x/file4"
  (grow-dir-lg) creating and checking "/x/file5"
  (grow-dir-lg) creating and checking "/x/file6"
  (grow-dir-lg) creating and checking "/x/file7"
  (grow-dir-lg) creating and checking "/x/file8"
  (grow-dir-lg) creating and checking "/x/file9"
  (grow-dir-lg) creating and checking "/x/file10"
  (grow-dir-lg) creating and checking "/x/file11"
  (grow-dir-lg) creating and checking "/x/file12"
  (grow-dir-lg) creating and checking "/x/file13"
  (grow-dir-lg) creating and checking "/x/file14"
  (grow-dir-lg) creating and checking "/x/file15"
  (grow-dir-lg) creating and checking "/x/file16"
  (grow-dir-lg) creating and checking "/x/file17"
  (grow-dir-lg) creating and checking "/x/file18"
  (grow-dir-lg) creating and checking "/x/file19"
  (grow-dir-lg) creating and checking "/x/file20"
  (grow-dir-lg) creating and checking "/x/file21"
  (grow-dir-lg) creating and checking "/x/file22"
  (grow-dir-lg) creating and checking "/x/file23"
  (grow-dir-lg) creating and checking "/x/file24"
  (grow-dir-lg) creating and checking "/x/file25"
  (grow-dir-lg) creating and checking "/x/file26"
  (grow-dir-lg) creating and checking "/x/file27"
  (grow-dir-lg) creating and checking "/x/file28"
  (grow-dir-lg) creating and checking "/x/file29"
  (grow-dir-lg) creating and checking "/x/file30"
  (grow-dir-lg) creating and checking "/x/file31"
  (grow-dir-lg) creating and checking "/x/file32"
  (grow-dir-lg) creating and checking "/x/file33"
  (grow-dir-lg) creating and checking "/x/file34"
  (grow-dir-lg) creating and checking "/x/file35"
  (grow-dir-lg) creating and checking "/x/file36"
  (grow-dir-lg) creating and checking "/x/file37"
  (grow-dir-lg) creating and checking "/x/file38"
  (grow-dir-lg) creating and checking "/x/file39"
  (grow-dir-lg) creating and checking "/x/file40"
  (grow-dir-lg) creating and checking "/x/file41"
  (grow-dir-lg) creating and checking "/x/file42"
  (grow-dir-lg) creating and checking "/x/file43"
  (grow-dir-lg) creating and checking "/x/file44"
  (grow-dir-lg) creating and checking "/x/file45"
  (grow-dir-lg) creating and checking "/x/file46"
  (grow-dir-lg) creating and checking "/x/file47"
  (grow-dir-lg) creating and checking "/x/file48"
  (grow-dir-lg) creating and checking "/x/file49"
  (grow-dir-lg) end

(Process exit codes are excluded for matching purposes.)
gcc -m32 -c ../../tests/filesys/extended/grow-file-size.c -o tests/filesys/extended/grow-file-size.o -g -msoft-float -O -fno-stack-protector -nostdinc -I../.. -I../../lib -I../../lib/user -I. -Wall -W -Wstrict-prototypes -Wmissing-prototypes -Wsystem-headers  -MMD -MF tests/filesys/extended/grow-file-size.d
gcc -m32 -nostdlib -static -Wl,-T,../../lib/user/user.lds -Wl,--build-id=none tests/filesys/extended/grow-file-size.o tests/lib.o tests/filesys/seq-test.o tests/main.o lib/user/entry.o libc.a -o tests/filesys/extended/grow-file-size
rm -f tmp.dsk
pintos-mkdisk tmp.dsk 2
pintos -v -k -T 60 --qemu  --fs-disk=tmp.dsk -p tests/filesys/extended/grow-file-size -a grow-file-size -p tests/filesys/extended/tar -a tar --swap-disk=4 -- -q   -f run grow-file-size < /dev/null 2> tests/filesys/extended/grow-file-size.errors > tests/filesys/extended/grow-file-size.output
pintos -v -k -T 60  --qemu --fs-disk=tmp.dsk -g fs.tar -a tests/filesys/extended/grow-file-size.tar --swap-disk=4 -- -q  run 'tar fs.tar /' < /dev/null 2> tests/filesys/extended/grow-file-size-persistence.errors > tests/filesys/extended/grow-file-size-persistence.output
rm -f tmp.dsk
perl -I../.. ../../tests/filesys/extended/grow-file-size.ck tests/filesys/extended/grow-file-size tests/filesys/extended/grow-file-size.result
pass tests/filesys/extended/grow-file-size
gcc -m32 -c ../../tests/filesys/extended/grow-root-lg.c -o tests/filesys/extended/grow-root-lg.o -g -msoft-float -O -fno-stack-protector -nostdinc -I../.. -I../../lib -I../../lib/user -I. -Wall -W -Wstrict-prototypes -Wmissing-prototypes -Wsystem-headers  -MMD -MF tests/filesys/extended/grow-root-lg.d
gcc -m32 -nostdlib -static -Wl,-T,../../lib/user/user.lds -Wl,--build-id=none tests/filesys/extended/grow-root-lg.o tests/lib.o tests/filesys/seq-test.o tests/main.o lib/user/entry.o libc.a -o tests/filesys/extended/grow-root-lg
rm -f tmp.dsk
pintos-mkdisk tmp.dsk 2
pintos -v -k -T 60 --qemu  --fs-disk=tmp.dsk -p tests/filesys/extended/grow-root-lg -a grow-root-lg -p tests/filesys/extended/tar -a tar --swap-disk=4 -- -q   -f run grow-root-lg < /dev/null 2> tests/filesys/extended/grow-root-lg.errors > tests/filesys/extended/grow-root-lg.output
pintos -v -k -T 60  --qemu --fs-disk=tmp.dsk -g fs.tar -a tests/filesys/extended/grow-root-lg.tar --swap-disk=4 -- -q  run 'tar fs.tar /' < /dev/null 2> tests/filesys/extended/grow-root-lg-persistence.errors > tests/filesys/extended/grow-root-lg-persistence.output
rm -f tmp.dsk
perl -I../.. ../../tests/filesys/extended/grow-root-lg.ck tests/filesys/extended/grow-root-lg tests/filesys/extended/grow-root-lg.result
pass tests/filesys/extended/grow-root-lg
gcc -m32 -c ../../tests/filesys/extended/grow-root-sm.c -o tests/filesys/extended/grow-root-sm.o -g -msoft-float -O -fno-stack-protector -nostdinc -I../.. -I../../lib -I../../lib/user -I. -Wall -W -Wstrict-prototypes -Wmissing-prototypes -Wsystem-headers  -MMD -MF tests/filesys/extended/grow-root-sm.d
gcc -m32 -nostdlib -static -Wl,-T,../../lib/user/user.lds -Wl,--build-id=none tests/filesys/extended/grow-root-sm.o tests/lib.o tests/filesys/seq-test.o tests/main.o lib/user/entry.o libc.a -o tests/filesys/extended/grow-root-sm
rm -f tmp.dsk
pintos-mkdisk tmp.dsk 2
pintos -v -k -T 60 --qemu  --fs-disk=tmp.dsk -p tests/filesys/extended/grow-root-sm -a grow-root-sm -p tests/filesys/extended/tar -a tar --swap-disk=4 -- -q   -f run grow-root-sm < /dev/null 2> tests/filesys/extended/grow-root-sm.errors > tests/filesys/extended/grow-root-sm.output
pintos -v -k -T 60  --qemu --fs-disk=tmp.dsk -g fs.tar -a tests/filesys/extended/grow-root-sm.tar --swap-disk=4 -- -q  run 'tar fs.tar /' < /dev/null 2> tests/filesys/extended/grow-root-sm-persistence.errors > tests/filesys/extended/grow-root-sm-persistence.output
rm -f tmp.dsk
perl -I../.. ../../tests/filesys/extended/grow-root-sm.ck tests/filesys/extended/grow-root-sm tests/filesys/extended/grow-root-sm.result
pass tests/filesys/extended/grow-root-sm
gcc -m32 -c ../../tests/filesys/extended/grow-seq-lg.c -o tests/filesys/extended/grow-seq-lg.o -g -msoft-float -O -fno-stack-protector -nostdinc -I../.. -I../../lib -I../../lib/user -I. -Wall -W -Wstrict-prototypes -Wmissing-prototypes -Wsystem-headers  -MMD -MF tests/filesys/extended/grow-seq-lg.d
gcc -m32 -nostdlib -static -Wl,-T,../../lib/user/user.lds -Wl,--build-id=none tests/filesys/extended/grow-seq-lg.o tests/lib.o tests/filesys/seq-test.o tests/main.o lib/user/entry.o libc.a -o tests/filesys/extended/grow-seq-lg
rm -f tmp.dsk
pintos-mkdisk tmp.dsk 2
pintos -v -k -T 60 --qemu  --fs-disk=tmp.dsk -p tests/filesys/extended/grow-seq-lg -a grow-seq-lg -p tests/filesys/extended/tar -a tar --swap-disk=4 -- -q   -f run grow-seq-lg < /dev/null 2> tests/filesys/extended/grow-seq-lg.errors > tests/filesys/extended/grow-seq-lg.output
pintos -v -k -T 60  --qemu --fs-disk=tmp.dsk -g fs.tar -a tests/filesys/extended/grow-seq-lg.tar --swap-disk=4 -- -q  run 'tar fs.tar /' < /dev/null 2> tests/filesys/extended/grow-seq-lg-persistence.errors > tests/filesys/extended/grow-seq-lg-persistence.output
rm -f tmp.dsk
perl -I../.. ../../tests/filesys/extended/grow-seq-lg.ck tests/filesys/extended/grow-seq-lg tests/filesys/extended/grow-seq-lg.result
pass tests/filesys/extended/grow-seq-lg
gcc -m32 -c ../../tests/filesys/extended/grow-seq-sm.c -o tests/filesys/extended/grow-seq-sm.o -g -msoft-float -O -fno-stack-protector -nostdinc -I../.. -I../../lib -I../../lib/user -I. -Wall -W -Wstrict-prototypes -Wmissing-prototypes -Wsystem-headers  -MMD -MF tests/filesys/extended/grow-seq-sm.d
gcc -m32 -nostdlib -static -Wl,-T,../../lib/user/user.lds -Wl,--build-id=none tests/filesys/extended/grow-seq-sm.o tests/lib.o tests/filesys/seq-test.o tests/main.o lib/user/entry.o libc.a -o tests/filesys/extended/grow-seq-sm
rm -f tmp.dsk
pintos-mkdisk tmp.dsk 2
pintos -v -k -T 60 --qemu  --fs-disk=tmp.dsk -p tests/filesys/extended/grow-seq-sm -a grow-seq-sm -p tests/filesys/extended/tar -a tar --swap-disk=4 -- -q   -f run grow-seq-sm < /dev/null 2> tests/filesys/extended/grow-seq-sm.errors > tests/filesys/extended/grow-seq-sm.output
pintos -v -k -T 60  --qemu --fs-disk=tmp.dsk -g fs.tar -a tests/filesys/extended/grow-seq-sm.tar --swap-disk=4 -- -q  run 'tar fs.tar /' < /dev/null 2> tests/filesys/extended/grow-seq-sm-persistence.errors > tests/filesys/extended/grow-seq-sm-persistence.output
rm -f tmp.dsk
perl -I../.. ../../tests/filesys/extended/grow-seq-sm.ck tests/filesys/extended/grow-seq-sm tests/filesys/extended/grow-seq-sm.result
pass tests/filesys/extended/grow-seq-sm
gcc -m32 -c ../../tests/filesys/extended/grow-sparse.c -o tests/filesys/extended/grow-sparse.o -g -msoft-float -O -fno-stack-protector -nostdinc -I../.. -I../../lib -I../../lib/user -I. -Wall -W -Wstrict-prototypes -Wmissing-prototypes -Wsystem-headers  -MMD -MF tests/filesys/extended/grow-sparse.d
gcc -m32 -nostdlib -static -Wl,-T,../../lib/user/user.lds -Wl,--build-id=none tests/filesys/extended/grow-sparse.o tests/lib.o tests/filesys/seq-test.o tests/main.o lib/user/entry.o libc.a -o tests/filesys/extended/grow-sparse
rm -f tmp.dsk
pintos-mkdisk tmp.dsk 2
pintos -v -k -T 60 --qemu  --fs-disk=tmp.dsk -p tests/filesys/extended/grow-sparse -a grow-sparse -p tests/filesys/extended/tar -a tar --swap-disk=4 -- -q   -f run grow-sparse < /dev/null 2> tests/filesys/extended/grow-sparse.errors > tests/filesys/extended/grow-sparse.output
pintos -v -k -T 60  --qemu --fs-disk=tmp.dsk -g fs.tar -a tests/filesys/extended/grow-sparse.tar --swap-disk=4 -- -q  run 'tar fs.tar /' < /dev/null 2> tests/filesys/extended/grow-sparse-persistence.errors > tests/filesys/extended/grow-sparse-persistence.output
rm -f tmp.dsk
perl -I../.. ../../tests/filesys/extended/grow-sparse.ck tests/filesys/extended/grow-sparse tests/filesys/extended/grow-sparse.result
pass tests/filesys/extended/grow-sparse
gcc -m32 -c ../../tests/filesys/extended/grow-tell.c -o tests/filesys/extended/grow-tell.o -g -msoft-float -O -fno-stack-protector -nostdinc -I../.. -I../../lib -I../../lib/user -I. -Wall -W -Wstrict-prototypes -Wmissing-prototypes -Wsystem-headers  -MMD -MF tests/filesys/extended/grow-tell.d
gcc -m32 -nostdlib -static -Wl,-T,../../lib/user/user.lds -Wl,--build-id=none tests/filesys/extended/grow-tell.o tests/lib.o tests/filesys/seq-test.o tests/main.o lib/user/entry.o libc.a -o tests/filesys/extended/grow-tell
rm -f tmp.dsk
pintos-mkdisk tmp.dsk 2
pintos -v -k -T 60 --qemu  --fs-disk=tmp.dsk -p tests/filesys/extended/grow-tell -a grow-tell -p tests/filesys/extended/tar -a tar --swap-disk=4 -- -q   -f run grow-tell < /dev/null 2> tests/filesys/extended/grow-tell.errors > tests/filesys/extended/grow-tell.output
pintos -v -k -T 60  --qemu --fs-disk=tmp.dsk -g fs.tar -a tests/filesys/extended/grow-tell.tar --swap-disk=4 -- -q  run 'tar fs.tar /' < /dev/null 2> tests/filesys/extended/grow-tell-persistence.errors > tests/filesys/extended/grow-tell-persistence.output
rm -f tmp.dsk
perl -I../.. ../../tests/filesys/extended/grow-tell.ck tests/filesys/extended/grow-tell tests/filesys/extended/grow-tell.result
FAIL tests/filesys/extended/grow-tell
run: file position not updated properly: should be 37, actually 3: FAILED
gcc -m32 -c ../../tests/filesys/extended/grow-two-files.c -o tests/filesys/extended/grow-two-files.o -g -msoft-float -O -fno-stack-protector -nostdinc -I../.. -I../../lib -I../../lib/user -I. -Wall -W -Wstrict-prototypes -Wmissing-prototypes -Wsystem-headers  -MMD -MF tests/filesys/extended/grow-two-files.d
gcc -m32 -nostdlib -static -Wl,-T,../../lib/user/user.lds -Wl,--build-id=none tests/filesys/extended/grow-two-files.o tests/lib.o tests/filesys/seq-test.o tests/main.o lib/user/entry.o libc.a -o tests/filesys/extended/grow-two-files
rm -f tmp.dsk
pintos-mkdisk tmp.dsk 2
pintos -v -k -T 60 --qemu  --fs-disk=tmp.dsk -p tests/filesys/extended/grow-two-files -a grow-two-files -p tests/filesys/extended/tar -a tar --swap-disk=4 -- -q   -f run grow-two-files < /dev/null 2> tests/filesys/extended/grow-two-files.errors > tests/filesys/extended/grow-two-files.output
pintos -v -k -T 60  --qemu --fs-disk=tmp.dsk -g fs.tar -a tests/filesys/extended/grow-two-files.tar --swap-disk=4 -- -q  run 'tar fs.tar /' < /dev/null 2> tests/filesys/extended/grow-two-files-persistence.errors > tests/filesys/extended/grow-two-files-persistence.output
rm -f tmp.dsk
perl -I../.. ../../tests/filesys/extended/grow-two-files.ck tests/filesys/extended/grow-two-files tests/filesys/extended/grow-two-files.result
pass tests/filesys/extended/grow-two-files
gcc -m32 -c ../../tests/filesys/extended/syn-rw.c -o tests/filesys/extended/syn-rw.o -g -msoft-float -O -fno-stack-protector -nostdinc -I../.. -I../../lib -I../../lib/user -I. -Wall -W -Wstrict-prototypes -Wmissing-prototypes -Wsystem-headers  -MMD -MF tests/filesys/extended/syn-rw.d
gcc -m32 -nostdlib -static -Wl,-T,../../lib/user/user.lds -Wl,--build-id=none tests/filesys/extended/syn-rw.o tests/lib.o tests/filesys/seq-test.o tests/main.o lib/user/entry.o libc.a -o tests/filesys/extended/syn-rw
gcc -m32 -c ../../tests/filesys/extended/child-syn-rw.c -o tests/filesys/extended/child-syn-rw.o -g -msoft-float -O -fno-stack-protector -nostdinc -I../.. -I../../lib -I../../lib/user -I. -Wall -W -Wstrict-prototypes -Wmissing-prototypes -Wsystem-headers  -MMD -MF tests/filesys/extended/child-syn-rw.d
gcc -m32 -nostdlib -static -Wl,-T,../../lib/user/user.lds -Wl,--build-id=none tests/filesys/extended/child-syn-rw.o tests/lib.o tests/filesys/seq-test.o lib/user/entry.o libc.a -o tests/filesys/extended/child-syn-rw
rm -f tmp.dsk
pintos-mkdisk tmp.dsk 2
pintos -v -k -T 60 --qemu  --fs-disk=tmp.dsk -p tests/filesys/extended/syn-rw -a syn-rw -p tests/filesys/extended/tar -a tar -p tests/filesys/extended/child-syn-rw -a child-syn-rw --swap-disk=4 -- -q   -f run syn-rw < /dev/null 2> tests/filesys/extended/syn-rw.errors > tests/filesys/extended/syn-rw.output
pintos -v -k -T 60  --qemu --fs-disk=tmp.dsk -g fs.tar -a tests/filesys/extended/syn-rw.tar --swap-disk=4 -- -q  run 'tar fs.tar /' < /dev/null 2> tests/filesys/extended/syn-rw-persistence.errors > tests/filesys/extended/syn-rw-persistence.output
rm -f tmp.dsk
perl -I../.. ../../tests/filesys/extended/syn-rw.ck tests/filesys/extended/syn-rw tests/filesys/extended/syn-rw.result
FAIL tests/filesys/extended/syn-rw
Kernel panic in run: PANIC at ../../lib/kernel/list.c:84 in list_next(): assertion `is_head (elem) || is_interior (elem)' failed.
Call stack: 0xc0107a19 0xc0107e63 0xc01092a9 0xc01092f0 0xc010e146 0xc010e1cc 0xc010e312 0xc010b830 0xc010bc20 0xc0101f27 0xc010205f 0x804a78f 0x8048176 0x8048980
Translation of call stack:
In kernel.o:
0xc0107a19: debug_panic (.../../lib/kernel/debug.c:34)
0xc0107e63: is_sorted (.../../lib/kernel/list.c:354)
0xc01092a9: find_elem (.../../lib/kernel/hash.c:319)
0xc01092f0: hash_find (.../../lib/kernel/hash.c:135)
0xc010e146: find_fte (...uild/../../vm/frame.c:162)
0xc010e1cc: swap_prevent_off (...uild/../../vm/frame.c:201)
0xc010e312: swap_prevention_buffer (...uild/../../vm/frame.c:208)
0xc010b830: read (...../userprog/syscall.c:156)
0xc010bc20: syscall_handler (...../userprog/syscall.c:385)
0xc0101f27: intr_handler (..../threads/interrupt.c:361)
0xc010205f: intr_entry (threads/intr-stubs.S:38)
0x0804a78f: (unknown)
In tests/filesys/extended/syn-rw:
0x08048176: test_main (...esys/extended/syn-rw.c:29)
0x08048980: main (...ild/../../tests/main.c:13)
Translations of user virtual addresses above are based on a guess at
the binary to use.  If this guess is incorrect, then those
translations will be misleading.
perl -I../.. ../../tests/filesys/extended/dir-empty-name-persistence.ck tests/filesys/extended/dir-empty-name-persistence tests/filesys/extended/dir-empty-name-persistence.result
FAIL tests/filesys/extended/dir-empty-name-persistence
Prerequisite test tests/filesys/extended/dir-empty-name failed.
perl -I../.. ../../tests/filesys/extended/dir-mk-tree-persistence.ck tests/filesys/extended/dir-mk-tree-persistence tests/filesys/extended/dir-mk-tree-persistence.result
FAIL tests/filesys/extended/dir-mk-tree-persistence
Prerequisite test tests/filesys/extended/dir-mk-tree failed.
perl -I../.. ../../tests/filesys/extended/dir-mkdir-persistence.ck tests/filesys/extended/dir-mkdir-persistence tests/filesys/extended/dir-mkdir-persistence.result
FAIL tests/filesys/extended/dir-mkdir-persistence
Prerequisite test tests/filesys/extended/dir-mkdir failed.
perl -I../.. ../../tests/filesys/extended/dir-open-persistence.ck tests/filesys/extended/dir-open-persistence tests/filesys/extended/dir-open-persistence.result
FAIL tests/filesys/extended/dir-open-persistence
Prerequisite test tests/filesys/extended/dir-open failed.
perl -I../.. ../../tests/filesys/extended/dir-over-file-persistence.ck tests/filesys/extended/dir-over-file-persistence tests/filesys/extended/dir-over-file-persistence.result
FAIL tests/filesys/extended/dir-over-file-persistence
Prerequisite test tests/filesys/extended/dir-over-file failed.
perl -I../.. ../../tests/filesys/extended/dir-rm-cwd-persistence.ck tests/filesys/extended/dir-rm-cwd-persistence tests/filesys/extended/dir-rm-cwd-persistence.result
FAIL tests/filesys/extended/dir-rm-cwd-persistence
Prerequisite test tests/filesys/extended/dir-rm-cwd failed.
perl -I../.. ../../tests/filesys/extended/dir-rm-parent-persistence.ck tests/filesys/extended/dir-rm-parent-persistence tests/filesys/extended/dir-rm-parent-persistence.result
FAIL tests/filesys/extended/dir-rm-parent-persistence
Prerequisite test tests/filesys/extended/dir-rm-parent failed.
perl -I../.. ../../tests/filesys/extended/dir-rm-root-persistence.ck tests/filesys/extended/dir-rm-root-persistence tests/filesys/extended/dir-rm-root-persistence.result
FAIL tests/filesys/extended/dir-rm-root-persistence
Kernel panic in file system extraction run: PANIC at ../../threads/synch.c:198 in lock_acquire(): assertion `!lock_held_by_current_thread (lock)' failed.
Call stack: 0xc0107a19 0xc010322a 0xc0109941 0xc010e295 0xc010e308 0xc010b6ee 0xc010bc74 0xc0101f27 0xc010205f 0x804a8a4 0x80480c1 0x8048699 0x8048e60
Translation of call stack:
0xc0107a19: debug_panic (.../../lib/kernel/debug.c:34)
0xc010322a: lock_acquire (...../../threads/synch.c:200)
0xc0109941: lazy_load_page (...../userprog/process.c:625)
0xc010e295: swap_prevent_on (...uild/../../vm/frame.c:182)
0xc010e308: swap_prevention_buffer (...uild/../../vm/frame.c:209)
0xc010b6ee: write (...../userprog/syscall.c:180)
0xc010bc74: syscall_handler (...../userprog/syscall.c:393)
0xc0101f27: intr_handler (..../threads/interrupt.c:361)
0xc010205f: intr_entry (threads/intr-stubs.S:38)
0x0804a8a4: (unknown)
0x080480c1: (unknown)
0x08048699: (unknown)
0x08048e60: (unknown)
perl -I../.. ../../tests/filesys/extended/dir-rm-tree-persistence.ck tests/filesys/extended/dir-rm-tree-persistence tests/filesys/extended/dir-rm-tree-persistence.result
FAIL tests/filesys/extended/dir-rm-tree-persistence
Prerequisite test tests/filesys/extended/dir-rm-tree failed.
perl -I../.. ../../tests/filesys/extended/dir-rmdir-persistence.ck tests/filesys/extended/dir-rmdir-persistence tests/filesys/extended/dir-rmdir-persistence.result
FAIL tests/filesys/extended/dir-rmdir-persistence
Prerequisite test tests/filesys/extended/dir-rmdir failed.
perl -I../.. ../../tests/filesys/extended/dir-under-file-persistence.ck tests/filesys/extended/dir-under-file-persistence tests/filesys/extended/dir-under-file-persistence.result
FAIL tests/filesys/extended/dir-under-file-persistence
Prerequisite test tests/filesys/extended/dir-under-file failed.
perl -I../.. ../../tests/filesys/extended/dir-vine-persistence.ck tests/filesys/extended/dir-vine-persistence tests/filesys/extended/dir-vine-persistence.result
FAIL tests/filesys/extended/dir-vine-persistence
Prerequisite test tests/filesys/extended/dir-vine failed.
perl -I../.. ../../tests/filesys/extended/grow-create-persistence.ck tests/filesys/extended/grow-create-persistence tests/filesys/extended/grow-create-persistence.result
FAIL tests/filesys/extended/grow-create-persistence
Kernel panic in file system extraction run: PANIC at ../../threads/synch.c:198 in lock_acquire(): assertion `!lock_held_by_current_thread (lock)' failed.
Call stack: 0xc0107a19 0xc010322a 0xc0109941 0xc010e295 0xc010e308 0xc010b6ee 0xc010bc74 0xc0101f27 0xc010205f 0x804a8a4 0x80480c1 0x8048699 0x8048e60
Translation of call stack:
0xc0107a19: debug_panic (.../../lib/kernel/debug.c:34)
0xc010322a: lock_acquire (...../../threads/synch.c:200)
0xc0109941: lazy_load_page (...../userprog/process.c:625)
0xc010e295: swap_prevent_on (...uild/../../vm/frame.c:182)
0xc010e308: swap_prevention_buffer (...uild/../../vm/frame.c:209)
0xc010b6ee: write (...../userprog/syscall.c:180)
0xc010bc74: syscall_handler (...../userprog/syscall.c:393)
0xc0101f27: intr_handler (..../threads/interrupt.c:361)
0xc010205f: intr_entry (threads/intr-stubs.S:38)
0x0804a8a4: (unknown)
0x080480c1: (unknown)
0x08048699: (unknown)
0x08048e60: (unknown)
perl -I../.. ../../tests/filesys/extended/grow-dir-lg-persistence.ck tests/filesys/extended/grow-dir-lg-persistence tests/filesys/extended/grow-dir-lg-persistence.result
FAIL tests/filesys/extended/grow-dir-lg-persistence
Prerequisite test tests/filesys/extended/grow-dir-lg failed.
perl -I../.. ../../tests/filesys/extended/grow-file-size-persistence.ck tests/filesys/extended/grow-file-size-persistence tests/filesys/extended/grow-file-size-persistence.result
FAIL tests/filesys/extended/grow-file-size-persistence
Kernel panic in file system extraction run: PANIC at ../../threads/synch.c:198 in lock_acquire(): assertion `!lock_held_by_current_thread (lock)' failed.
Call stack: 0xc0107a19 0xc010322a 0xc0109941 0xc010e295 0xc010e308 0xc010b6ee 0xc010bc74 0xc0101f27 0xc010205f 0x804a8a4 0x80480c1 0x8048699 0x8048e60
Translation of call stack:
0xc0107a19: debug_panic (.../../lib/kernel/debug.c:34)
0xc010322a: lock_acquire (...../../threads/synch.c:200)
0xc0109941: lazy_load_page (...../userprog/process.c:625)
0xc010e295: swap_prevent_on (...uild/../../vm/frame.c:182)
0xc010e308: swap_prevention_buffer (...uild/../../vm/frame.c:209)
0xc010b6ee: write (...../userprog/syscall.c:180)
0xc010bc74: syscall_handler (...../userprog/syscall.c:393)
0xc0101f27: intr_handler (..../threads/interrupt.c:361)
0xc010205f: intr_entry (threads/intr-stubs.S:38)
0x0804a8a4: (unknown)
0x080480c1: (unknown)
0x08048699: (unknown)
0x08048e60: (unknown)
perl -I../.. ../../tests/filesys/extended/grow-root-lg-persistence.ck tests/filesys/extended/grow-root-lg-persistence tests/filesys/extended/grow-root-lg-persistence.result
FAIL tests/filesys/extended/grow-root-lg-persistence
Kernel panic in file system extraction run: PANIC at ../../threads/synch.c:198 in lock_acquire(): assertion `!lock_held_by_current_thread (lock)' failed.
Call stack: 0xc0107a19 0xc010322a 0xc0109941 0xc010e295 0xc010e308 0xc010b6ee 0xc010bc74 0xc0101f27 0xc010205f 0x804a8a4 0x80480c1 0x8048699 0x8048e60
Translation of call stack:
0xc0107a19: debug_panic (.../../lib/kernel/debug.c:34)
0xc010322a: lock_acquire (...../../threads/synch.c:200)
0xc0109941: lazy_load_page (...../userprog/process.c:625)
0xc010e295: swap_prevent_on (...uild/../../vm/frame.c:182)
0xc010e308: swap_prevention_buffer (...uild/../../vm/frame.c:209)
0xc010b6ee: write (...../userprog/syscall.c:180)
0xc010bc74: syscall_handler (...../userprog/syscall.c:393)
0xc0101f27: intr_handler (..../threads/interrupt.c:361)
0xc010205f: intr_entry (threads/intr-stubs.S:38)
0x0804a8a4: (unknown)
0x080480c1: (unknown)
0x08048699: (unknown)
0x08048e60: (unknown)
perl -I../.. ../../tests/filesys/extended/grow-root-sm-persistence.ck tests/filesys/extended/grow-root-sm-persistence tests/filesys/extended/grow-root-sm-persistence.result
FAIL tests/filesys/extended/grow-root-sm-persistence
Kernel panic in file system extraction run: PANIC at ../../threads/synch.c:198 in lock_acquire(): assertion `!lock_held_by_current_thread (lock)' failed.
Call stack: 0xc0107a19 0xc010322a 0xc0109941 0xc010e295 0xc010e308 0xc010b6ee 0xc010bc74 0xc0101f27 0xc010205f 0x804a8a4 0x80480c1 0x8048699 0x8048e60
Translation of call stack:
0xc0107a19: debug_panic (.../../lib/kernel/debug.c:34)
0xc010322a: lock_acquire (...../../threads/synch.c:200)
0xc0109941: lazy_load_page (...../userprog/process.c:625)
0xc010e295: swap_prevent_on (...uild/../../vm/frame.c:182)
0xc010e308: swap_prevention_buffer (...uild/../../vm/frame.c:209)
0xc010b6ee: write (...../userprog/syscall.c:180)
0xc010bc74: syscall_handler (...../userprog/syscall.c:393)
0xc0101f27: intr_handler (..../threads/interrupt.c:361)
0xc010205f: intr_entry (threads/intr-stubs.S:38)
0x0804a8a4: (unknown)
0x080480c1: (unknown)
0x08048699: (unknown)
0x08048e60: (unknown)
perl -I../.. ../../tests/filesys/extended/grow-seq-lg-persistence.ck tests/filesys/extended/grow-seq-lg-persistence tests/filesys/extended/grow-seq-lg-persistence.result
FAIL tests/filesys/extended/grow-seq-lg-persistence
Kernel panic in file system extraction run: PANIC at ../../threads/synch.c:198 in lock_acquire(): assertion `!lock_held_by_current_thread (lock)' failed.
Call stack: 0xc0107a19 0xc010322a 0xc0109941 0xc010e295 0xc010e308 0xc010b6ee 0xc010bc74 0xc0101f27 0xc010205f 0x804a8a4 0x80480c1 0x8048699 0x8048e60
Translation of call stack:
0xc0107a19: debug_panic (.../../lib/kernel/debug.c:34)
0xc010322a: lock_acquire (...../../threads/synch.c:200)
0xc0109941: lazy_load_page (...../userprog/process.c:625)
0xc010e295: swap_prevent_on (...uild/../../vm/frame.c:182)
0xc010e308: swap_prevention_buffer (...uild/../../vm/frame.c:209)
0xc010b6ee: write (...../userprog/syscall.c:180)
0xc010bc74: syscall_handler (...../userprog/syscall.c:393)
0xc0101f27: intr_handler (..../threads/interrupt.c:361)
0xc010205f: intr_entry (threads/intr-stubs.S:38)
0x0804a8a4: (unknown)
0x080480c1: (unknown)
0x08048699: (unknown)
0x08048e60: (unknown)
perl -I../.. ../../tests/filesys/extended/grow-seq-sm-persistence.ck tests/filesys/extended/grow-seq-sm-persistence tests/filesys/extended/grow-seq-sm-persistence.result
FAIL tests/filesys/extended/grow-seq-sm-persistence
Kernel panic in file system extraction run: PANIC at ../../threads/synch.c:198 in lock_acquire(): assertion `!lock_held_by_current_thread (lock)' failed.
Call stack: 0xc0107a19 0xc010322a 0xc0109941 0xc010e295 0xc010e308 0xc010b6ee 0xc010bc74 0xc0101f27 0xc010205f 0x804a8a4 0x80480c1 0x8048699 0x8048e60
Translation of call stack:
0xc0107a19: debug_panic (.../../lib/kernel/debug.c:34)
0xc010322a: lock_acquire (...../../threads/synch.c:200)
0xc0109941: lazy_load_page (...../userprog/process.c:625)
0xc010e295: swap_prevent_on (...uild/../../vm/frame.c:182)
0xc010e308: swap_prevention_buffer (...uild/../../vm/frame.c:209)
0xc010b6ee: write (...../userprog/syscall.c:180)
0xc010bc74: syscall_handler (...../userprog/syscall.c:393)
0xc0101f27: intr_handler (..../threads/interrupt.c:361)
0xc010205f: intr_entry (threads/intr-stubs.S:38)
0x0804a8a4: (unknown)
0x080480c1: (unknown)
0x08048699: (unknown)
0x08048e60: (unknown)
perl -I../.. ../../tests/filesys/extended/grow-sparse-persistence.ck tests/filesys/extended/grow-sparse-persistence tests/filesys/extended/grow-sparse-persistence.result
FAIL tests/filesys/extended/grow-sparse-persistence
Kernel panic in file system extraction run: PANIC at ../../threads/synch.c:198 in lock_acquire(): assertion `!lock_held_by_current_thread (lock)' failed.
Call stack: 0xc0107a19 0xc010322a 0xc0109941 0xc010e295 0xc010e308 0xc010b6ee 0xc010bc74 0xc0101f27 0xc010205f 0x804a8a4 0x80480c1 0x8048699 0x8048e60
Translation of call stack:
0xc0107a19: debug_panic (.../../lib/kernel/debug.c:34)
0xc010322a: lock_acquire (...../../threads/synch.c:200)
0xc0109941: lazy_load_page (...../userprog/process.c:625)
0xc010e295: swap_prevent_on (...uild/../../vm/frame.c:182)
0xc010e308: swap_prevention_buffer (...uild/../../vm/frame.c:209)
0xc010b6ee: write (...../userprog/syscall.c:180)
0xc010bc74: syscall_handler (...../userprog/syscall.c:393)
0xc0101f27: intr_handler (..../threads/interrupt.c:361)
0xc010205f: intr_entry (threads/intr-stubs.S:38)
0x0804a8a4: (unknown)
0x080480c1: (unknown)
0x08048699: (unknown)
0x08048e60: (unknown)
perl -I../.. ../../tests/filesys/extended/grow-tell-persistence.ck tests/filesys/extended/grow-tell-persistence tests/filesys/extended/grow-tell-persistence.result
FAIL tests/filesys/extended/grow-tell-persistence
Prerequisite test tests/filesys/extended/grow-tell failed.
perl -I../.. ../../tests/filesys/extended/grow-two-files-persistence.ck tests/filesys/extended/grow-two-files-persistence tests/filesys/extended/grow-two-files-persistence.result
FAIL tests/filesys/extended/grow-two-files-persistence
Kernel panic in file system extraction run: PANIC at ../../threads/synch.c:198 in lock_acquire(): assertion `!lock_held_by_current_thread (lock)' failed.
Call stack: 0xc0107a19 0xc010322a 0xc0109941 0xc010e295 0xc010e308 0xc010b6ee 0xc010bc74 0xc0101f27 0xc010205f 0x804a8a4 0x80480c1 0x8048699 0x8048e60
Translation of call stack:
0xc0107a19: debug_panic (.../../lib/kernel/debug.c:34)
0xc010322a: lock_acquire (...../../threads/synch.c:200)
0xc0109941: lazy_load_page (...../userprog/process.c:625)
0xc010e295: swap_prevent_on (...uild/../../vm/frame.c:182)
0xc010e308: swap_prevention_buffer (...uild/../../vm/frame.c:209)
0xc010b6ee: write (...../userprog/syscall.c:180)
0xc010bc74: syscall_handler (...../userprog/syscall.c:393)
0xc0101f27: intr_handler (..../threads/interrupt.c:361)
0xc010205f: intr_entry (threads/intr-stubs.S:38)
0x0804a8a4: (unknown)
0x080480c1: (unknown)
0x08048699: (unknown)
0x08048e60: (unknown)
perl -I../.. ../../tests/filesys/extended/syn-rw-persistence.ck tests/filesys/extended/syn-rw-persistence tests/filesys/extended/syn-rw-persistence.result
FAIL tests/filesys/extended/syn-rw-persistence
Prerequisite test tests/filesys/extended/syn-rw failed.
pass tests/userprog/args-none
pass tests/userprog/args-single
pass tests/userprog/args-multiple
pass tests/userprog/args-many
pass tests/userprog/args-dbl-space
pass tests/userprog/sc-bad-sp
pass tests/userprog/sc-bad-arg
pass tests/userprog/sc-boundary
pass tests/userprog/sc-boundary-2
pass tests/userprog/halt
pass tests/userprog/exit
pass tests/userprog/create-normal
pass tests/userprog/create-empty
pass tests/userprog/create-null
pass tests/userprog/create-bad-ptr
pass tests/userprog/create-long
pass tests/userprog/create-exists
pass tests/userprog/create-bound
pass tests/userprog/open-normal
pass tests/userprog/open-missing
pass tests/userprog/open-boundary
pass tests/userprog/open-empty
pass tests/userprog/open-null
pass tests/userprog/open-bad-ptr
pass tests/userprog/open-twice
pass tests/userprog/close-normal
pass tests/userprog/close-twice
pass tests/userprog/close-stdin
pass tests/userprog/close-stdout
pass tests/userprog/close-bad-fd
pass tests/userprog/read-normal
pass tests/userprog/read-bad-ptr
pass tests/userprog/read-boundary
pass tests/userprog/read-zero
pass tests/userprog/read-stdout
pass tests/userprog/read-bad-fd
pass tests/userprog/write-normal
pass tests/userprog/write-bad-ptr
pass tests/userprog/write-boundary
pass tests/userprog/write-zero
pass tests/userprog/write-stdin
pass tests/userprog/write-bad-fd
pass tests/userprog/exec-once
pass tests/userprog/exec-arg
pass tests/userprog/exec-multiple
pass tests/userprog/exec-missing
pass tests/userprog/exec-bad-ptr
pass tests/userprog/wait-simple
pass tests/userprog/wait-twice
pass tests/userprog/wait-killed
pass tests/userprog/wait-bad-pid
pass tests/userprog/multi-recurse
pass tests/userprog/multi-child-fd
pass tests/userprog/rox-simple
pass tests/userprog/rox-child
pass tests/userprog/rox-multichild
pass tests/userprog/bad-read
pass tests/userprog/bad-write
pass tests/userprog/bad-read2
pass tests/userprog/bad-write2
pass tests/userprog/bad-jump
pass tests/userprog/bad-jump2
pass tests/filesys/base/lg-create
pass tests/filesys/base/lg-full
pass tests/filesys/base/lg-random
pass tests/filesys/base/lg-seq-block
pass tests/filesys/base/lg-seq-random
pass tests/filesys/base/sm-create
pass tests/filesys/base/sm-full
pass tests/filesys/base/sm-random
pass tests/filesys/base/sm-seq-block
pass tests/filesys/base/sm-seq-random
pass tests/filesys/base/syn-read
pass tests/filesys/base/syn-remove
pass tests/filesys/base/syn-write
FAIL tests/filesys/extended/dir-empty-name
FAIL tests/filesys/extended/dir-mk-tree
FAIL tests/filesys/extended/dir-mkdir
FAIL tests/filesys/extended/dir-open
FAIL tests/filesys/extended/dir-over-file
FAIL tests/filesys/extended/dir-rm-cwd
FAIL tests/filesys/extended/dir-rm-parent
pass tests/filesys/extended/dir-rm-root
FAIL tests/filesys/extended/dir-rm-tree
FAIL tests/filesys/extended/dir-rmdir
FAIL tests/filesys/extended/dir-under-file
FAIL tests/filesys/extended/dir-vine
pass tests/filesys/extended/grow-create
FAIL tests/filesys/extended/grow-dir-lg
pass tests/filesys/extended/grow-file-size
pass tests/filesys/extended/grow-root-lg
pass tests/filesys/extended/grow-root-sm
pass tests/filesys/extended/grow-seq-lg
pass tests/filesys/extended/grow-seq-sm
pass tests/filesys/extended/grow-sparse
FAIL tests/filesys/extended/grow-tell
pass tests/filesys/extended/grow-two-files
FAIL tests/filesys/extended/syn-rw
FAIL tests/filesys/extended/dir-empty-name-persistence
FAIL tests/filesys/extended/dir-mk-tree-persistence
FAIL tests/filesys/extended/dir-mkdir-persistence
FAIL tests/filesys/extended/dir-open-persistence
FAIL tests/filesys/extended/dir-over-file-persistence
FAIL tests/filesys/extended/dir-rm-cwd-persistence
FAIL tests/filesys/extended/dir-rm-parent-persistence
FAIL tests/filesys/extended/dir-rm-root-persistence
FAIL tests/filesys/extended/dir-rm-tree-persistence
FAIL tests/filesys/extended/dir-rmdir-persistence
FAIL tests/filesys/extended/dir-under-file-persistence
FAIL tests/filesys/extended/dir-vine-persistence
FAIL tests/filesys/extended/grow-create-persistence
FAIL tests/filesys/extended/grow-dir-lg-persistence
FAIL tests/filesys/extended/grow-file-size-persistence
FAIL tests/filesys/extended/grow-root-lg-persistence
FAIL tests/filesys/extended/grow-root-sm-persistence
FAIL tests/filesys/extended/grow-seq-lg-persistence
FAIL tests/filesys/extended/grow-seq-sm-persistence
FAIL tests/filesys/extended/grow-sparse-persistence
FAIL tests/filesys/extended/grow-tell-persistence
FAIL tests/filesys/extended/grow-two-files-persistence
FAIL tests/filesys/extended/syn-rw-persistence
37 of 121 tests failed.
make[1]: Leaving directory `/home/kim/pintos/src/filesys/build'
